2017-07-13 10:16:13  [ AWT-EventQueue-0:0 ] - [ INFO ]  配置信息：ds.ui.font.family=微软雅黑
2017-07-13 10:16:13  [ AWT-EventQueue-0:43 ] - [ INFO ]  配置信息：ds.ui.font.family=微软雅黑
2017-07-13 10:16:13  [ AWT-EventQueue-0:45 ] - [ INFO ]  配置信息：ds.ui.font.family=微软雅黑
2017-07-13 10:16:13  [ AWT-EventQueue-0:125 ] - [ INFO ]  ==================AppInitStart
2017-07-13 10:16:13  [ AWT-EventQueue-0:799 ] - [ INFO ]  配置信息：ds.ui.status.title=状态
2017-07-13 10:16:14  [ AWT-EventQueue-0:853 ] - [ INFO ]  配置信息：ds.ui.database.title=数据库设置
2017-07-13 10:16:14  [ AWT-EventQueue-0:855 ] - [ INFO ]  配置信息：ds.ui.schedule.title=任务计划
2017-07-13 10:16:14  [ AWT-EventQueue-0:856 ] - [ INFO ]  配置信息：ds.ui.backup.title=备份管理
2017-07-13 10:16:14  [ AWT-EventQueue-0:858 ] - [ INFO ]  配置信息：ds.ui.setting.title=设置
2017-07-13 10:16:14  [ AWT-EventQueue-0:923 ] - [ INFO ]  ==================AppInitEnd
2017-07-13 10:16:14  [ AWT-EventQueue-0:1004 ] - [ INFO ]  sourceFile不能榭
2017-07-13 10:16:44  [ AWT-EventQueue-0:0 ] - [ INFO ]  配置信息：ds.ui.font.family=微软雅黑
2017-07-13 10:16:44  [ AWT-EventQueue-0:5 ] - [ INFO ]  配置信息：ds.ui.font.family=微软雅黑
2017-07-13 10:16:44  [ AWT-EventQueue-0:6 ] - [ INFO ]  配置信息：ds.ui.font.family=微软雅黑
2017-07-13 10:16:44  [ AWT-EventQueue-0:75 ] - [ INFO ]  ==================AppInitStart
2017-07-13 10:16:44  [ AWT-EventQueue-0:447 ] - [ INFO ]  配置信息：ds.ui.status.title=状态
2017-07-13 10:16:44  [ AWT-EventQueue-0:474 ] - [ INFO ]  配置信息：ds.ui.database.title=数据库设置
2017-07-13 10:16:44  [ AWT-EventQueue-0:476 ] - [ INFO ]  配置信息：ds.ui.schedule.title=任务计划
2017-07-13 10:16:44  [ AWT-EventQueue-0:477 ] - [ INFO ]  配置信息：ds.ui.backup.title=备份管理
2017-07-13 10:16:44  [ AWT-EventQueue-0:479 ] - [ INFO ]  配置信息：ds.ui.setting.title=设置
2017-07-13 10:16:44  [ AWT-EventQueue-0:525 ] - [ INFO ]  ==================AppInitEnd
2017-07-13 10:16:45  [ AWT-EventQueue-0:600 ] - [ INFO ]  sourceFile不能榭
2017-07-13 10:24:03  [ AWT-EventQueue-0:0 ] - [ INFO ]  配置信息：ds.ui.font.family=微软雅黑
2017-07-13 10:24:03  [ AWT-EventQueue-0:5 ] - [ INFO ]  配置信息：ds.ui.font.family=微软雅黑
2017-07-13 10:24:03  [ AWT-EventQueue-0:5 ] - [ INFO ]  配置信息：ds.ui.font.family=微软雅黑
2017-07-13 10:24:03  [ AWT-EventQueue-0:71 ] - [ INFO ]  ==================AppInitStart
2017-07-13 10:24:03  [ AWT-EventQueue-0:383 ] - [ INFO ]  配置信息：ds.ui.status.title=状态
2017-07-13 10:24:03  [ AWT-EventQueue-0:392 ] - [ INFO ]  配置信息：ds.ui.database.title=数据库设置
2017-07-13 10:24:03  [ AWT-EventQueue-0:394 ] - [ INFO ]  配置信息：ds.ui.schedule.title=任务计划
2017-07-13 10:24:03  [ AWT-EventQueue-0:396 ] - [ INFO ]  配置信息：ds.ui.backup.title=备份管理
2017-07-13 10:24:03  [ AWT-EventQueue-0:397 ] - [ INFO ]  配置信息：ds.ui.setting.title=设置
2017-07-13 10:24:03  [ AWT-EventQueue-0:435 ] - [ INFO ]  ==================AppInitEnd
2017-07-13 10:24:05  [ AWT-EventQueue-0:2693 ] - [ INFO ]  sourceFile不能榭
2017-07-13 10:38:43  [ AWT-EventQueue-0:0 ] - [ INFO ]  配置信息：ds.ui.font.family=微软雅黑
2017-07-13 10:38:43  [ AWT-EventQueue-0:6 ] - [ INFO ]  配置信息：ds.ui.font.family=微软雅黑
2017-07-13 10:38:43  [ AWT-EventQueue-0:6 ] - [ INFO ]  配置信息：ds.ui.font.family=微软雅黑
2017-07-13 10:38:43  [ AWT-EventQueue-0:73 ] - [ INFO ]  ==================AppInitStart
2017-07-13 10:38:43  [ AWT-EventQueue-0:395 ] - [ INFO ]  配置信息：ds.ui.status.title=状态
2017-07-13 10:38:43  [ AWT-EventQueue-0:407 ] - [ INFO ]  配置信息：ds.ui.database.title=数据库设置
2017-07-13 10:38:43  [ AWT-EventQueue-0:410 ] - [ INFO ]  配置信息：ds.ui.schedule.title=任务计划
2017-07-13 10:38:43  [ AWT-EventQueue-0:411 ] - [ INFO ]  配置信息：ds.ui.backup.title=备份管理
2017-07-13 10:38:43  [ AWT-EventQueue-0:413 ] - [ INFO ]  配置信息：ds.ui.setting.title=设置
2017-07-13 10:38:43  [ AWT-EventQueue-0:453 ] - [ INFO ]  ==================AppInitEnd
2017-07-13 10:42:03  [ AWT-EventQueue-0:0 ] - [ INFO ]  配置信息：ds.ui.font.family=微软雅黑
2017-07-13 10:42:03  [ AWT-EventQueue-0:4 ] - [ INFO ]  配置信息：ds.ui.font.family=微软雅黑
2017-07-13 10:42:03  [ AWT-EventQueue-0:5 ] - [ INFO ]  配置信息：ds.ui.font.family=微软雅黑
2017-07-13 10:42:03  [ AWT-EventQueue-0:72 ] - [ INFO ]  ==================AppInitStart
2017-07-13 10:42:03  [ AWT-EventQueue-0:379 ] - [ INFO ]  配置信息：ds.ui.status.title=状态
2017-07-13 10:42:03  [ AWT-EventQueue-0:387 ] - [ INFO ]  配置信息：ds.ui.database.title=数据库设置
2017-07-13 10:42:03  [ AWT-EventQueue-0:389 ] - [ INFO ]  配置信息：ds.ui.schedule.title=任务计划
2017-07-13 10:42:03  [ AWT-EventQueue-0:391 ] - [ INFO ]  配置信息：ds.ui.backup.title=备份管理
2017-07-13 10:42:03  [ AWT-EventQueue-0:392 ] - [ INFO ]  配置信息：ds.ui.setting.title=设置
2017-07-13 10:42:04  [ AWT-EventQueue-0:430 ] - [ INFO ]  ==================AppInitEnd
2017-07-13 10:48:08  [ AWT-EventQueue-0:0 ] - [ INFO ]  配置信息：ds.ui.font.family=微软雅黑
2017-07-13 10:48:08  [ AWT-EventQueue-0:6 ] - [ INFO ]  配置信息：ds.ui.font.family=微软雅黑
2017-07-13 10:48:08  [ AWT-EventQueue-0:7 ] - [ INFO ]  配置信息：ds.ui.font.family=微软雅黑
2017-07-13 10:48:08  [ AWT-EventQueue-0:79 ] - [ INFO ]  ==================AppInitStart
2017-07-13 10:48:09  [ AWT-EventQueue-0:409 ] - [ INFO ]  配置信息：ds.ui.status.title=状态
2017-07-13 10:48:09  [ AWT-EventQueue-0:422 ] - [ INFO ]  配置信息：ds.ui.database.title=数据库设置
2017-07-13 10:48:09  [ AWT-EventQueue-0:423 ] - [ INFO ]  配置信息：ds.ui.schedule.title=任务计划
2017-07-13 10:48:09  [ AWT-EventQueue-0:425 ] - [ INFO ]  配置信息：ds.ui.backup.title=备份管理
2017-07-13 10:48:09  [ AWT-EventQueue-0:427 ] - [ INFO ]  配置信息：ds.ui.setting.title=设置
2017-07-13 10:48:09  [ AWT-EventQueue-0:483 ] - [ INFO ]  ==================AppInitEnd
2017-07-13 10:49:02  [ AWT-EventQueue-0:0 ] - [ INFO ]  配置信息：ds.ui.font.family=微软雅黑
2017-07-13 10:49:02  [ AWT-EventQueue-0:4 ] - [ INFO ]  配置信息：ds.ui.font.family=微软雅黑
2017-07-13 10:49:02  [ AWT-EventQueue-0:5 ] - [ INFO ]  配置信息：ds.ui.font.family=微软雅黑
2017-07-13 10:49:02  [ AWT-EventQueue-0:72 ] - [ INFO ]  ==================AppInitStart
2017-07-13 10:49:03  [ AWT-EventQueue-0:460 ] - [ INFO ]  配置信息：ds.ui.status.title=状态
2017-07-13 10:49:03  [ AWT-EventQueue-0:468 ] - [ INFO ]  配置信息：ds.ui.database.title=数据库设置
2017-07-13 10:49:03  [ AWT-EventQueue-0:470 ] - [ INFO ]  配置信息：ds.ui.schedule.title=任务计划
2017-07-13 10:49:03  [ AWT-EventQueue-0:472 ] - [ INFO ]  配置信息：ds.ui.backup.title=备份管理
2017-07-13 10:49:03  [ AWT-EventQueue-0:473 ] - [ INFO ]  配置信息：ds.ui.setting.title=设置
2017-07-13 10:49:03  [ AWT-EventQueue-0:509 ] - [ INFO ]  ==================AppInitEnd
2017-07-13 10:49:50  [ AWT-EventQueue-0:0 ] - [ INFO ]  配置信息：ds.ui.font.family=微软雅黑
2017-07-13 10:49:50  [ AWT-EventQueue-0:5 ] - [ INFO ]  配置信息：ds.ui.font.family=微软雅黑
2017-07-13 10:49:50  [ AWT-EventQueue-0:6 ] - [ INFO ]  配置信息：ds.ui.font.family=微软雅黑
2017-07-13 10:49:50  [ AWT-EventQueue-0:85 ] - [ INFO ]  ==================AppInitStart
2017-07-13 10:49:50  [ AWT-EventQueue-0:413 ] - [ INFO ]  配置信息：ds.ui.status.title=状态
2017-07-13 10:49:50  [ AWT-EventQueue-0:423 ] - [ INFO ]  配置信息：ds.ui.database.title=数据库设置
2017-07-13 10:49:50  [ AWT-EventQueue-0:425 ] - [ INFO ]  配置信息：ds.ui.schedule.title=任务计划
2017-07-13 10:49:50  [ AWT-EventQueue-0:427 ] - [ INFO ]  配置信息：ds.ui.backup.title=备份管理
2017-07-13 10:49:50  [ AWT-EventQueue-0:429 ] - [ INFO ]  配置信息：ds.ui.setting.title=设置
2017-07-13 10:49:51  [ AWT-EventQueue-0:469 ] - [ INFO ]  ==================AppInitEnd
2017-07-13 10:54:18  [ AWT-EventQueue-0:0 ] - [ INFO ]  配置信息：ds.ui.font.family=微软雅黑
2017-07-13 10:54:18  [ AWT-EventQueue-0:5 ] - [ INFO ]  配置信息：ds.ui.font.family=微软雅黑
2017-07-13 10:54:18  [ AWT-EventQueue-0:5 ] - [ INFO ]  配置信息：ds.ui.font.family=微软雅黑
2017-07-13 10:54:18  [ AWT-EventQueue-0:75 ] - [ INFO ]  ==================AppInitStart
2017-07-13 10:54:18  [ AWT-EventQueue-0:427 ] - [ INFO ]  配置信息：ds.ui.status.title=状态
2017-07-13 10:54:18  [ AWT-EventQueue-0:544 ] - [ INFO ]  配置信息：ds.ui.database.title=数据库设置
2017-07-13 10:54:18  [ AWT-EventQueue-0:549 ] - [ INFO ]  配置信息：ds.ui.schedule.title=任务计划
2017-07-13 10:54:18  [ AWT-EventQueue-0:550 ] - [ INFO ]  配置信息：ds.ui.backup.title=备份管理
2017-07-13 10:54:18  [ AWT-EventQueue-0:552 ] - [ INFO ]  配置信息：ds.ui.setting.title=设置
2017-07-13 10:54:18  [ AWT-EventQueue-0:599 ] - [ INFO ]  ==================AppInitEnd
2017-07-13 11:51:58  [ AWT-EventQueue-0:0 ] - [ INFO ]  配置信息：ds.ui.font.family=微软雅黑
2017-07-13 11:51:58  [ AWT-EventQueue-0:5 ] - [ INFO ]  配置信息：ds.ui.font.family=微软雅黑
2017-07-13 11:51:58  [ AWT-EventQueue-0:5 ] - [ INFO ]  配置信息：ds.ui.font.family=微软雅黑
2017-07-13 11:51:58  [ AWT-EventQueue-0:71 ] - [ INFO ]  ==================AppInitStart
2017-07-13 11:51:58  [ AWT-EventQueue-0:468 ] - [ INFO ]  配置信息：ds.ui.status.title=状态
2017-07-13 11:51:58  [ AWT-EventQueue-0:474 ] - [ INFO ]  配置信息：ds.ui.database.title=数据库设置
2017-07-13 11:51:58  [ AWT-EventQueue-0:476 ] - [ INFO ]  配置信息：ds.ui.schedule.title=任务计划
2017-07-13 11:51:58  [ AWT-EventQueue-0:478 ] - [ INFO ]  配置信息：ds.ui.backup.title=备份管理
2017-07-13 11:51:58  [ AWT-EventQueue-0:480 ] - [ INFO ]  配置信息：ds.ui.setting.title=设置
2017-07-13 11:51:58  [ AWT-EventQueue-0:511 ] - [ INFO ]  ==================AppInitEnd
2017-07-13 11:52:57  [ AWT-EventQueue-0:0 ] - [ INFO ]  配置信息：ds.ui.font.family=微软雅黑
2017-07-13 11:52:57  [ AWT-EventQueue-0:5 ] - [ INFO ]  配置信息：ds.ui.font.family=微软雅黑
2017-07-13 11:52:57  [ AWT-EventQueue-0:5 ] - [ INFO ]  配置信息：ds.ui.font.family=微软雅黑
2017-07-13 11:52:57  [ AWT-EventQueue-0:115 ] - [ INFO ]  ==================AppInitStart
2017-07-13 11:52:57  [ AWT-EventQueue-0:474 ] - [ INFO ]  配置信息：ds.ui.status.title=状态
2017-07-13 11:52:57  [ AWT-EventQueue-0:484 ] - [ INFO ]  配置信息：ds.ui.database.title=数据库设置
2017-07-13 11:52:57  [ AWT-EventQueue-0:485 ] - [ INFO ]  配置信息：ds.ui.schedule.title=任务计划
2017-07-13 11:52:57  [ AWT-EventQueue-0:488 ] - [ INFO ]  配置信息：ds.ui.backup.title=备份管理
2017-07-13 11:52:57  [ AWT-EventQueue-0:490 ] - [ INFO ]  配置信息：ds.ui.setting.title=设置
2017-07-13 11:52:57  [ AWT-EventQueue-0:537 ] - [ INFO ]  ==================AppInitEnd
2017-07-13 11:55:13  [ AWT-EventQueue-0:0 ] - [ INFO ]  配置信息：ds.ui.font.family=微软雅黑
2017-07-13 11:55:13  [ AWT-EventQueue-0:5 ] - [ INFO ]  配置信息：ds.ui.font.family=微软雅黑
2017-07-13 11:55:13  [ AWT-EventQueue-0:6 ] - [ INFO ]  配置信息：ds.ui.font.family=微软雅黑
2017-07-13 11:55:13  [ AWT-EventQueue-0:74 ] - [ INFO ]  ==================AppInitStart
2017-07-13 11:55:13  [ AWT-EventQueue-0:461 ] - [ INFO ]  配置信息：ds.ui.status.title=状态
2017-07-13 11:55:13  [ AWT-EventQueue-0:471 ] - [ INFO ]  配置信息：ds.ui.database.title=数据库设置
2017-07-13 11:55:13  [ AWT-EventQueue-0:472 ] - [ INFO ]  配置信息：ds.ui.schedule.title=任务计划
2017-07-13 11:55:13  [ AWT-EventQueue-0:474 ] - [ INFO ]  配置信息：ds.ui.backup.title=备份管理
2017-07-13 11:55:13  [ AWT-EventQueue-0:476 ] - [ INFO ]  配置信息：ds.ui.setting.title=设置
2017-07-13 11:55:13  [ AWT-EventQueue-0:512 ] - [ INFO ]  ==================AppInitEnd
2017-07-13 11:56:12  [ AWT-EventQueue-0:0 ] - [ INFO ]  配置信息：ds.ui.font.family=微软雅黑
2017-07-13 11:56:12  [ AWT-EventQueue-0:5 ] - [ INFO ]  配置信息：ds.ui.font.family=微软雅黑
2017-07-13 11:56:12  [ AWT-EventQueue-0:6 ] - [ INFO ]  配置信息：ds.ui.font.family=微软雅黑
2017-07-13 11:56:12  [ AWT-EventQueue-0:74 ] - [ INFO ]  ==================AppInitStart
2017-07-13 11:56:13  [ AWT-EventQueue-0:439 ] - [ INFO ]  配置信息：ds.ui.status.title=状态
2017-07-13 11:56:13  [ AWT-EventQueue-0:446 ] - [ INFO ]  配置信息：ds.ui.database.title=数据库设置
2017-07-13 11:56:13  [ AWT-EventQueue-0:448 ] - [ INFO ]  配置信息：ds.ui.schedule.title=任务计划
2017-07-13 11:56:13  [ AWT-EventQueue-0:449 ] - [ INFO ]  配置信息：ds.ui.backup.title=备份管理
2017-07-13 11:56:13  [ AWT-EventQueue-0:451 ] - [ INFO ]  配置信息：ds.ui.setting.title=设置
2017-07-13 11:56:13  [ AWT-EventQueue-0:482 ] - [ INFO ]  ==================AppInitEnd
2017-07-13 11:56:31  [ AWT-EventQueue-0:0 ] - [ INFO ]  配置信息：ds.ui.font.family=微软雅黑
2017-07-13 11:56:31  [ AWT-EventQueue-0:5 ] - [ INFO ]  配置信息：ds.ui.font.family=微软雅黑
2017-07-13 11:56:31  [ AWT-EventQueue-0:6 ] - [ INFO ]  配置信息：ds.ui.font.family=微软雅黑
2017-07-13 11:56:31  [ AWT-EventQueue-0:79 ] - [ INFO ]  ==================AppInitStart
2017-07-13 11:56:31  [ AWT-EventQueue-0:435 ] - [ INFO ]  配置信息：ds.ui.status.title=状态
2017-07-13 11:56:31  [ AWT-EventQueue-0:464 ] - [ INFO ]  配置信息：ds.ui.database.title=数据库设置
2017-07-13 11:56:31  [ AWT-EventQueue-0:466 ] - [ INFO ]  配置信息：ds.ui.schedule.title=任务计划
2017-07-13 11:56:31  [ AWT-EventQueue-0:468 ] - [ INFO ]  配置信息：ds.ui.backup.title=备份管理
2017-07-13 11:56:31  [ AWT-EventQueue-0:469 ] - [ INFO ]  配置信息：ds.ui.setting.title=设置
2017-07-13 11:56:31  [ AWT-EventQueue-0:538 ] - [ INFO ]  ==================AppInitEnd
2017-07-13 11:57:26  [ AWT-EventQueue-0:0 ] - [ INFO ]  配置信息：ds.ui.font.family=微软雅黑
2017-07-13 11:57:26  [ AWT-EventQueue-0:5 ] - [ INFO ]  配置信息：ds.ui.font.family=微软雅黑
2017-07-13 11:57:26  [ AWT-EventQueue-0:6 ] - [ INFO ]  配置信息：ds.ui.font.family=微软雅黑
2017-07-13 11:57:26  [ AWT-EventQueue-0:77 ] - [ INFO ]  ==================AppInitStart
2017-07-13 11:57:27  [ AWT-EventQueue-0:453 ] - [ INFO ]  配置信息：ds.ui.status.title=状态
2017-07-13 11:57:27  [ AWT-EventQueue-0:463 ] - [ INFO ]  配置信息：ds.ui.database.title=数据库设置
2017-07-13 11:57:27  [ AWT-EventQueue-0:465 ] - [ INFO ]  配置信息：ds.ui.schedule.title=任务计划
2017-07-13 11:57:27  [ AWT-EventQueue-0:466 ] - [ INFO ]  配置信息：ds.ui.backup.title=备份管理
2017-07-13 11:57:27  [ AWT-EventQueue-0:468 ] - [ INFO ]  配置信息：ds.ui.setting.title=设置
2017-07-13 11:57:27  [ AWT-EventQueue-0:506 ] - [ INFO ]  ==================AppInitEnd
2017-07-13 11:57:59  [ AWT-EventQueue-0:0 ] - [ INFO ]  配置信息：ds.ui.font.family=微软雅黑
2017-07-13 11:57:59  [ AWT-EventQueue-0:5 ] - [ INFO ]  配置信息：ds.ui.font.family=微软雅黑
2017-07-13 11:57:59  [ AWT-EventQueue-0:5 ] - [ INFO ]  配置信息：ds.ui.font.family=微软雅黑
2017-07-13 11:57:59  [ AWT-EventQueue-0:71 ] - [ INFO ]  ==================AppInitStart
2017-07-13 11:57:59  [ AWT-EventQueue-0:410 ] - [ INFO ]  配置信息：ds.ui.status.title=状态
2017-07-13 11:57:59  [ AWT-EventQueue-0:419 ] - [ INFO ]  配置信息：ds.ui.database.title=数据库设置
2017-07-13 11:57:59  [ AWT-EventQueue-0:421 ] - [ INFO ]  配置信息：ds.ui.schedule.title=任务计划
2017-07-13 11:57:59  [ AWT-EventQueue-0:423 ] - [ INFO ]  配置信息：ds.ui.backup.title=备份管理
2017-07-13 11:57:59  [ AWT-EventQueue-0:424 ] - [ INFO ]  配置信息：ds.ui.setting.title=设置
2017-07-13 11:57:59  [ AWT-EventQueue-0:525 ] - [ INFO ]  ==================AppInitEnd
2017-07-13 12:03:01  [ AWT-EventQueue-0:0 ] - [ INFO ]  配置信息：ds.ui.font.family=微软雅黑
2017-07-13 12:03:01  [ AWT-EventQueue-0:7 ] - [ INFO ]  配置信息：ds.ui.font.family=微软雅黑
2017-07-13 12:03:01  [ AWT-EventQueue-0:8 ] - [ INFO ]  配置信息：ds.ui.font.family=微软雅黑
2017-07-13 12:03:01  [ AWT-EventQueue-0:118 ] - [ INFO ]  ==================AppInitStart
2017-07-13 12:03:02  [ AWT-EventQueue-0:546 ] - [ INFO ]  配置信息：ds.ui.status.title=状态
2017-07-13 12:03:02  [ AWT-EventQueue-0:556 ] - [ INFO ]  配置信息：ds.ui.database.title=数据库设置
2017-07-13 12:03:02  [ AWT-EventQueue-0:558 ] - [ INFO ]  配置信息：ds.ui.schedule.title=任务计划
2017-07-13 12:03:02  [ AWT-EventQueue-0:560 ] - [ INFO ]  配置信息：ds.ui.backup.title=备份管理
2017-07-13 12:03:02  [ AWT-EventQueue-0:562 ] - [ INFO ]  配置信息：ds.ui.setting.title=设置
2017-07-13 12:03:08  [ AWT-EventQueue-0:7096 ] - [ INFO ]  ==================AppInitEnd
2017-07-13 12:04:07  [ AWT-EventQueue-0:0 ] - [ INFO ]  配置信息：ds.ui.font.family=微软雅黑
2017-07-13 12:04:07  [ AWT-EventQueue-0:5 ] - [ INFO ]  配置信息：ds.ui.font.family=微软雅黑
2017-07-13 12:04:07  [ AWT-EventQueue-0:5 ] - [ INFO ]  配置信息：ds.ui.font.family=微软雅黑
2017-07-13 12:04:08  [ AWT-EventQueue-0:73 ] - [ INFO ]  ==================AppInitStart
2017-07-13 12:04:08  [ AWT-EventQueue-0:418 ] - [ INFO ]  配置信息：ds.ui.status.title=状态
2017-07-13 12:04:08  [ AWT-EventQueue-0:479 ] - [ INFO ]  配置信息：ds.ui.database.title=数据库设置
2017-07-13 12:04:08  [ AWT-EventQueue-0:482 ] - [ INFO ]  配置信息：ds.ui.schedule.title=任务计划
2017-07-13 12:04:08  [ AWT-EventQueue-0:484 ] - [ INFO ]  配置信息：ds.ui.backup.title=备份管理
2017-07-13 12:04:08  [ AWT-EventQueue-0:486 ] - [ INFO ]  配置信息：ds.ui.setting.title=设置
2017-07-13 12:04:08  [ AWT-EventQueue-0:527 ] - [ INFO ]  ==================AppInitEnd
2017-07-13 12:04:36  [ AWT-EventQueue-0:0 ] - [ INFO ]  配置信息：ds.ui.font.family=微软雅黑
2017-07-13 12:04:36  [ AWT-EventQueue-0:6 ] - [ INFO ]  配置信息：ds.ui.font.family=微软雅黑
2017-07-13 12:04:36  [ AWT-EventQueue-0:7 ] - [ INFO ]  配置信息：ds.ui.font.family=微软雅黑
2017-07-13 12:04:36  [ AWT-EventQueue-0:76 ] - [ INFO ]  ==================AppInitStart
2017-07-13 12:04:36  [ AWT-EventQueue-0:378 ] - [ INFO ]  配置信息：ds.ui.status.title=状态
2017-07-13 12:04:36  [ AWT-EventQueue-0:387 ] - [ INFO ]  配置信息：ds.ui.database.title=数据库设置
2017-07-13 12:04:36  [ AWT-EventQueue-0:389 ] - [ INFO ]  配置信息：ds.ui.schedule.title=任务计划
2017-07-13 12:04:36  [ AWT-EventQueue-0:391 ] - [ INFO ]  配置信息：ds.ui.backup.title=备份管理
2017-07-13 12:04:36  [ AWT-EventQueue-0:392 ] - [ INFO ]  配置信息：ds.ui.setting.title=设置
2017-07-13 12:04:36  [ AWT-EventQueue-0:464 ] - [ INFO ]  ==================AppInitEnd
2017-07-13 12:04:48  [ AWT-EventQueue-0:0 ] - [ INFO ]  配置信息：ds.ui.font.family=微软雅黑
2017-07-13 12:04:48  [ AWT-EventQueue-0:4 ] - [ INFO ]  配置信息：ds.ui.font.family=微软雅黑
2017-07-13 12:04:48  [ AWT-EventQueue-0:5 ] - [ INFO ]  配置信息：ds.ui.font.family=微软雅黑
2017-07-13 12:04:48  [ AWT-EventQueue-0:75 ] - [ INFO ]  ==================AppInitStart
2017-07-13 12:04:48  [ AWT-EventQueue-0:426 ] - [ INFO ]  配置信息：ds.ui.status.title=状态
2017-07-13 12:04:48  [ AWT-EventQueue-0:432 ] - [ INFO ]  配置信息：ds.ui.database.title=数据库设置
2017-07-13 12:04:48  [ AWT-EventQueue-0:434 ] - [ INFO ]  配置信息：ds.ui.schedule.title=任务计划
2017-07-13 12:04:48  [ AWT-EventQueue-0:436 ] - [ INFO ]  配置信息：ds.ui.backup.title=备份管理
2017-07-13 12:04:48  [ AWT-EventQueue-0:438 ] - [ INFO ]  配置信息：ds.ui.setting.title=设置
2017-07-13 12:04:49  [ AWT-EventQueue-0:469 ] - [ INFO ]  ==================AppInitEnd
2017-07-13 12:39:48  [ AWT-EventQueue-0:0 ] - [ INFO ]  配置信息：ds.ui.font.family=微软雅黑
2017-07-13 12:39:48  [ AWT-EventQueue-0:6 ] - [ INFO ]  配置信息：ds.ui.font.family=微软雅黑
2017-07-13 12:39:48  [ AWT-EventQueue-0:7 ] - [ INFO ]  配置信息：ds.ui.font.family=微软雅黑
2017-07-13 12:39:48  [ AWT-EventQueue-0:76 ] - [ INFO ]  ==================AppInitStart
2017-07-13 12:39:48  [ AWT-EventQueue-0:446 ] - [ INFO ]  配置信息：ds.ui.status.title=状态
2017-07-13 12:39:48  [ AWT-EventQueue-0:455 ] - [ INFO ]  配置信息：ds.ui.database.title=数据库设置
2017-07-13 12:39:48  [ AWT-EventQueue-0:457 ] - [ INFO ]  配置信息：ds.ui.schedule.title=任务计划
2017-07-13 12:39:49  [ AWT-EventQueue-0:467 ] - [ INFO ]  配置信息：ds.ui.backup.title=备份管理
2017-07-13 12:39:49  [ AWT-EventQueue-0:470 ] - [ INFO ]  配置信息：ds.ui.setting.title=设置
2017-07-13 12:39:49  [ AWT-EventQueue-0:543 ] - [ INFO ]  ==================AppInitEnd
2017-07-13 12:42:21  [ AWT-EventQueue-0:0 ] - [ INFO ]  配置信息：ds.ui.font.family=微软雅黑
2017-07-13 12:42:21  [ AWT-EventQueue-0:6 ] - [ INFO ]  配置信息：ds.ui.font.family=微软雅黑
2017-07-13 12:42:21  [ AWT-EventQueue-0:7 ] - [ INFO ]  配置信息：ds.ui.font.family=微软雅黑
2017-07-13 12:42:21  [ AWT-EventQueue-0:73 ] - [ INFO ]  ==================AppInitStart
2017-07-13 12:42:21  [ AWT-EventQueue-0:439 ] - [ INFO ]  配置信息：ds.ui.status.title=状态
2017-07-13 12:42:21  [ AWT-EventQueue-0:447 ] - [ INFO ]  配置信息：ds.ui.database.title=数据库设置
2017-07-13 12:42:21  [ AWT-EventQueue-0:449 ] - [ INFO ]  配置信息：ds.ui.schedule.title=任务计划
2017-07-13 12:42:21  [ AWT-EventQueue-0:451 ] - [ INFO ]  配置信息：ds.ui.backup.title=备份管理
2017-07-13 12:42:21  [ AWT-EventQueue-0:452 ] - [ INFO ]  配置信息：ds.ui.setting.title=设置
2017-07-13 12:42:21  [ AWT-EventQueue-0:484 ] - [ INFO ]  ==================AppInitEnd
2017-07-13 12:42:23  [ AWT-EventQueue-0:2328 ] - [ INFO ]  sourceFile不能为空
2017-07-13 12:43:51  [ AWT-EventQueue-0:0 ] - [ INFO ]  配置信息：ds.ui.font.family=微软雅黑
2017-07-13 12:43:51  [ AWT-EventQueue-0:5 ] - [ INFO ]  配置信息：ds.ui.font.family=微软雅黑
2017-07-13 12:43:51  [ AWT-EventQueue-0:6 ] - [ INFO ]  配置信息：ds.ui.font.family=微软雅黑
2017-07-13 12:43:51  [ AWT-EventQueue-0:71 ] - [ INFO ]  ==================AppInitStart
2017-07-13 12:43:52  [ AWT-EventQueue-0:432 ] - [ INFO ]  配置信息：ds.ui.status.title=状态
2017-07-13 12:43:52  [ AWT-EventQueue-0:439 ] - [ INFO ]  配置信息：ds.ui.database.title=数据库设置
2017-07-13 12:43:52  [ AWT-EventQueue-0:441 ] - [ INFO ]  配置信息：ds.ui.schedule.title=任务计划
2017-07-13 12:43:52  [ AWT-EventQueue-0:443 ] - [ INFO ]  配置信息：ds.ui.backup.title=备份管理
2017-07-13 12:43:52  [ AWT-EventQueue-0:444 ] - [ INFO ]  配置信息：ds.ui.setting.title=设置
2017-07-13 12:43:52  [ AWT-EventQueue-0:484 ] - [ INFO ]  ==================AppInitEnd
2017-07-13 12:50:46  [ AWT-EventQueue-0:0 ] - [ INFO ]  配置信息：ds.ui.font.family=微软雅黑
2017-07-13 12:50:46  [ AWT-EventQueue-0:5 ] - [ INFO ]  配置信息：ds.ui.font.family=微软雅黑
2017-07-13 12:50:46  [ AWT-EventQueue-0:6 ] - [ INFO ]  配置信息：ds.ui.font.family=微软雅黑
2017-07-13 12:50:46  [ AWT-EventQueue-0:83 ] - [ INFO ]  ==================AppInitStart
2017-07-13 12:50:47  [ AWT-EventQueue-0:458 ] - [ INFO ]  配置信息：ds.ui.status.title=状态
2017-07-13 12:50:47  [ AWT-EventQueue-0:465 ] - [ INFO ]  配置信息：ds.ui.database.title=数据库设置
2017-07-13 12:50:47  [ AWT-EventQueue-0:467 ] - [ INFO ]  配置信息：ds.ui.schedule.title=任务计划
2017-07-13 12:50:47  [ AWT-EventQueue-0:468 ] - [ INFO ]  配置信息：ds.ui.backup.title=备份管理
2017-07-13 12:50:47  [ AWT-EventQueue-0:469 ] - [ INFO ]  配置信息：ds.ui.setting.title=设置
2017-07-13 12:50:47  [ AWT-EventQueue-0:572 ] - [ INFO ]  ==================AppInitEnd
2017-07-13 12:51:41  [ AWT-EventQueue-0:0 ] - [ INFO ]  配置信息：ds.ui.font.family=微软雅黑
2017-07-13 12:51:41  [ AWT-EventQueue-0:4 ] - [ INFO ]  配置信息：ds.ui.font.family=微软雅黑
2017-07-13 12:51:41  [ AWT-EventQueue-0:5 ] - [ INFO ]  配置信息：ds.ui.font.family=微软雅黑
2017-07-13 12:51:41  [ AWT-EventQueue-0:74 ] - [ INFO ]  ==================AppInitStart
2017-07-13 12:51:41  [ AWT-EventQueue-0:437 ] - [ INFO ]  配置信息：ds.ui.status.title=状态
2017-07-13 12:51:41  [ AWT-EventQueue-0:519 ] - [ INFO ]  配置信息：ds.ui.database.title=数据库设置
2017-07-13 12:51:41  [ AWT-EventQueue-0:522 ] - [ INFO ]  配置信息：ds.ui.schedule.title=任务计划
2017-07-13 12:51:41  [ AWT-EventQueue-0:524 ] - [ INFO ]  配置信息：ds.ui.backup.title=备份管理
2017-07-13 12:51:41  [ AWT-EventQueue-0:525 ] - [ INFO ]  配置信息：ds.ui.setting.title=设置
2017-07-13 12:51:42  [ AWT-EventQueue-0:565 ] - [ INFO ]  ==================AppInitEnd
2017-07-13 12:57:19  [ AWT-EventQueue-0:0 ] - [ INFO ]  配置信息：ds.ui.font.family=微软雅黑
2017-07-13 12:57:19  [ AWT-EventQueue-0:5 ] - [ INFO ]  配置信息：ds.ui.font.family=微软雅黑
2017-07-13 12:57:19  [ AWT-EventQueue-0:6 ] - [ INFO ]  配置信息：ds.ui.font.family=微软雅黑
2017-07-13 12:57:19  [ AWT-EventQueue-0:80 ] - [ INFO ]  ==================AppInitStart
2017-07-13 12:57:19  [ AWT-EventQueue-0:484 ] - [ INFO ]  配置信息：ds.ui.status.title=状态
2017-07-13 12:57:19  [ AWT-EventQueue-0:493 ] - [ INFO ]  配置信息：ds.ui.database.title=数据库设置
2017-07-13 12:57:19  [ AWT-EventQueue-0:495 ] - [ INFO ]  配置信息：ds.ui.schedule.title=任务计划
2017-07-13 12:57:19  [ AWT-EventQueue-0:497 ] - [ INFO ]  配置信息：ds.ui.backup.title=备份管理
2017-07-13 12:57:19  [ AWT-EventQueue-0:499 ] - [ INFO ]  配置信息：ds.ui.setting.title=设置
2017-07-13 12:57:20  [ AWT-EventQueue-0:539 ] - [ INFO ]  ==================AppInitEnd
2017-07-13 13:03:33  [ AWT-EventQueue-0:0 ] - [ INFO ]  配置信息：ds.ui.font.family=微软雅黑
2017-07-13 13:03:33  [ AWT-EventQueue-0:5 ] - [ INFO ]  配置信息：ds.ui.font.family=微软雅黑
2017-07-13 13:03:33  [ AWT-EventQueue-0:6 ] - [ INFO ]  配置信息：ds.ui.font.family=微软雅黑
2017-07-13 13:03:33  [ AWT-EventQueue-0:69 ] - [ INFO ]  ==================AppInitStart
2017-07-13 13:03:34  [ AWT-EventQueue-0:368 ] - [ INFO ]  配置信息：ds.ui.status.title=状态
2017-07-13 13:03:34  [ AWT-EventQueue-0:376 ] - [ INFO ]  配置信息：ds.ui.database.title=数据库设置
2017-07-13 13:03:34  [ AWT-EventQueue-0:377 ] - [ INFO ]  配置信息：ds.ui.schedule.title=任务计划
2017-07-13 13:03:34  [ AWT-EventQueue-0:379 ] - [ INFO ]  配置信息：ds.ui.backup.title=备份管理
2017-07-13 13:03:34  [ AWT-EventQueue-0:381 ] - [ INFO ]  配置信息：ds.ui.setting.title=设置
2017-07-13 13:03:34  [ AWT-EventQueue-0:463 ] - [ INFO ]  ==================AppInitEnd
2017-07-13 13:04:24  [ AWT-EventQueue-0:0 ] - [ INFO ]  配置信息：ds.ui.font.family=微软雅黑
2017-07-13 13:04:24  [ AWT-EventQueue-0:5 ] - [ INFO ]  配置信息：ds.ui.font.family=微软雅黑
2017-07-13 13:04:24  [ AWT-EventQueue-0:6 ] - [ INFO ]  配置信息：ds.ui.font.family=微软雅黑
2017-07-13 13:04:24  [ AWT-EventQueue-0:78 ] - [ INFO ]  ==================AppInitStart
2017-07-13 13:04:24  [ AWT-EventQueue-0:392 ] - [ INFO ]  配置信息：ds.ui.status.title=状态
2017-07-13 13:04:24  [ AWT-EventQueue-0:439 ] - [ INFO ]  配置信息：ds.ui.database.title=数据库设置
2017-07-13 13:04:24  [ AWT-EventQueue-0:441 ] - [ INFO ]  配置信息：ds.ui.schedule.title=任务计划
2017-07-13 13:04:24  [ AWT-EventQueue-0:443 ] - [ INFO ]  配置信息：ds.ui.backup.title=备份管理
2017-07-13 13:04:24  [ AWT-EventQueue-0:445 ] - [ INFO ]  配置信息：ds.ui.setting.title=设置
2017-07-13 13:04:24  [ AWT-EventQueue-0:543 ] - [ INFO ]  ==================AppInitEnd
2017-07-13 13:05:08  [ AWT-EventQueue-0:0 ] - [ INFO ]  配置信息：ds.ui.font.family=微软雅黑
2017-07-13 13:05:08  [ AWT-EventQueue-0:5 ] - [ INFO ]  配置信息：ds.ui.font.family=微软雅黑
2017-07-13 13:05:08  [ AWT-EventQueue-0:6 ] - [ INFO ]  配置信息：ds.ui.font.family=微软雅黑
2017-07-13 13:05:08  [ AWT-EventQueue-0:69 ] - [ INFO ]  ==================AppInitStart
2017-07-13 13:05:09  [ AWT-EventQueue-0:358 ] - [ INFO ]  配置信息：ds.ui.status.title=状态
2017-07-13 13:05:09  [ AWT-EventQueue-0:366 ] - [ INFO ]  配置信息：ds.ui.database.title=数据库设置
2017-07-13 13:05:09  [ AWT-EventQueue-0:368 ] - [ INFO ]  配置信息：ds.ui.schedule.title=任务计划
2017-07-13 13:05:09  [ AWT-EventQueue-0:369 ] - [ INFO ]  配置信息：ds.ui.backup.title=备份管理
2017-07-13 13:05:09  [ AWT-EventQueue-0:371 ] - [ INFO ]  配置信息：ds.ui.setting.title=设置
2017-07-13 13:05:09  [ AWT-EventQueue-0:441 ] - [ INFO ]  ==================AppInitEnd
2017-07-13 13:07:01  [ AWT-EventQueue-0:0 ] - [ INFO ]  配置信息：ds.ui.font.family=微软雅黑
2017-07-13 13:07:01  [ AWT-EventQueue-0:5 ] - [ INFO ]  配置信息：ds.ui.font.family=微软雅黑
2017-07-13 13:07:01  [ AWT-EventQueue-0:5 ] - [ INFO ]  配置信息：ds.ui.font.family=微软雅黑
2017-07-13 13:07:01  [ AWT-EventQueue-0:75 ] - [ INFO ]  ==================AppInitStart
2017-07-13 13:07:01  [ AWT-EventQueue-0:414 ] - [ INFO ]  配置信息：ds.ui.status.title=状态
2017-07-13 13:07:01  [ AWT-EventQueue-0:465 ] - [ INFO ]  配置信息：ds.ui.database.title=数据库设置
2017-07-13 13:07:01  [ AWT-EventQueue-0:471 ] - [ INFO ]  配置信息：ds.ui.schedule.title=任务计划
2017-07-13 13:07:01  [ AWT-EventQueue-0:473 ] - [ INFO ]  配置信息：ds.ui.backup.title=备份管理
2017-07-13 13:07:01  [ AWT-EventQueue-0:477 ] - [ INFO ]  配置信息：ds.ui.setting.title=设置
2017-07-13 13:07:01  [ AWT-EventQueue-0:782 ] - [ INFO ]  ==================AppInitEnd
2017-07-13 13:09:09  [ AWT-EventQueue-0:0 ] - [ INFO ]  配置信息：ds.ui.font.family=微软雅黑
2017-07-13 13:09:09  [ AWT-EventQueue-0:5 ] - [ INFO ]  配置信息：ds.ui.font.family=微软雅黑
2017-07-13 13:09:09  [ AWT-EventQueue-0:6 ] - [ INFO ]  配置信息：ds.ui.font.family=微软雅黑
2017-07-13 13:09:09  [ AWT-EventQueue-0:81 ] - [ INFO ]  ==================AppInitStart
2017-07-13 13:09:10  [ AWT-EventQueue-0:461 ] - [ INFO ]  配置信息：ds.ui.status.title=状态
2017-07-13 13:09:10  [ AWT-EventQueue-0:472 ] - [ INFO ]  配置信息：ds.ui.database.title=数据库设置
2017-07-13 13:09:10  [ AWT-EventQueue-0:474 ] - [ INFO ]  配置信息：ds.ui.schedule.title=任务计划
2017-07-13 13:09:10  [ AWT-EventQueue-0:476 ] - [ INFO ]  配置信息：ds.ui.backup.title=备份管理
2017-07-13 13:09:10  [ AWT-EventQueue-0:477 ] - [ INFO ]  配置信息：ds.ui.setting.title=设置
2017-07-13 13:09:10  [ AWT-EventQueue-0:579 ] - [ INFO ]  ==================AppInitEnd
2017-07-13 13:10:36  [ AWT-EventQueue-0:0 ] - [ INFO ]  配置信息：ds.ui.font.family=微软雅黑
2017-07-13 13:10:36  [ AWT-EventQueue-0:5 ] - [ INFO ]  配置信息：ds.ui.font.family=微软雅黑
2017-07-13 13:10:36  [ AWT-EventQueue-0:5 ] - [ INFO ]  配置信息：ds.ui.font.family=微软雅黑
2017-07-13 13:10:36  [ AWT-EventQueue-0:70 ] - [ INFO ]  ==================AppInitStart
2017-07-13 13:10:37  [ AWT-EventQueue-0:386 ] - [ INFO ]  配置信息：ds.ui.status.title=状态
2017-07-13 13:10:37  [ AWT-EventQueue-0:396 ] - [ INFO ]  配置信息：ds.ui.database.title=数据库设置
2017-07-13 13:10:37  [ AWT-EventQueue-0:398 ] - [ INFO ]  配置信息：ds.ui.schedule.title=任务计划
2017-07-13 13:10:37  [ AWT-EventQueue-0:400 ] - [ INFO ]  配置信息：ds.ui.backup.title=备份管理
2017-07-13 13:10:37  [ AWT-EventQueue-0:402 ] - [ INFO ]  配置信息：ds.ui.setting.title=设置
2017-07-13 13:10:37  [ AWT-EventQueue-0:504 ] - [ INFO ]  ==================AppInitEnd
2017-07-13 13:12:04  [ AWT-EventQueue-0:0 ] - [ INFO ]  配置信息：ds.ui.font.family=微软雅黑
2017-07-13 13:12:04  [ AWT-EventQueue-0:5 ] - [ INFO ]  配置信息：ds.ui.font.family=微软雅黑
2017-07-13 13:12:04  [ AWT-EventQueue-0:6 ] - [ INFO ]  配置信息：ds.ui.font.family=微软雅黑
2017-07-13 13:12:04  [ AWT-EventQueue-0:77 ] - [ INFO ]  ==================AppInitStart
2017-07-13 13:12:04  [ AWT-EventQueue-0:406 ] - [ INFO ]  配置信息：ds.ui.status.title=状态
2017-07-13 13:12:04  [ AWT-EventQueue-0:415 ] - [ INFO ]  配置信息：ds.ui.database.title=数据库设置
2017-07-13 13:12:04  [ AWT-EventQueue-0:417 ] - [ INFO ]  配置信息：ds.ui.schedule.title=任务计划
2017-07-13 13:12:04  [ AWT-EventQueue-0:419 ] - [ INFO ]  配置信息：ds.ui.backup.title=备份管理
2017-07-13 13:12:04  [ AWT-EventQueue-0:421 ] - [ INFO ]  配置信息：ds.ui.setting.title=设置
2017-07-13 13:12:04  [ AWT-EventQueue-0:522 ] - [ INFO ]  ==================AppInitEnd
2017-07-13 13:12:47  [ AWT-EventQueue-0:0 ] - [ INFO ]  配置信息：ds.ui.font.family=微软雅黑
2017-07-13 13:12:47  [ AWT-EventQueue-0:6 ] - [ INFO ]  配置信息：ds.ui.font.family=微软雅黑
2017-07-13 13:12:47  [ AWT-EventQueue-0:7 ] - [ INFO ]  配置信息：ds.ui.font.family=微软雅黑
2017-07-13 13:12:47  [ AWT-EventQueue-0:77 ] - [ INFO ]  ==================AppInitStart
2017-07-13 13:12:47  [ AWT-EventQueue-0:441 ] - [ INFO ]  配置信息：ds.ui.status.title=状态
2017-07-13 13:12:47  [ AWT-EventQueue-0:447 ] - [ INFO ]  配置信息：ds.ui.database.title=数据库设置
2017-07-13 13:12:47  [ AWT-EventQueue-0:449 ] - [ INFO ]  配置信息：ds.ui.schedule.title=任务计划
2017-07-13 13:12:47  [ AWT-EventQueue-0:451 ] - [ INFO ]  配置信息：ds.ui.backup.title=备份管理
2017-07-13 13:12:47  [ AWT-EventQueue-0:453 ] - [ INFO ]  配置信息：ds.ui.setting.title=设置
2017-07-13 13:12:47  [ AWT-EventQueue-0:534 ] - [ INFO ]  ==================AppInitEnd
2017-07-13 13:13:06  [ AWT-EventQueue-0:0 ] - [ INFO ]  配置信息：ds.ui.font.family=微软雅黑
2017-07-13 13:13:06  [ AWT-EventQueue-0:7 ] - [ INFO ]  配置信息：ds.ui.font.family=微软雅黑
2017-07-13 13:13:06  [ AWT-EventQueue-0:8 ] - [ INFO ]  配置信息：ds.ui.font.family=微软雅黑
2017-07-13 13:13:07  [ AWT-EventQueue-0:82 ] - [ INFO ]  ==================AppInitStart
2017-07-13 13:13:07  [ AWT-EventQueue-0:443 ] - [ INFO ]  配置信息：ds.ui.status.title=状态
2017-07-13 13:13:07  [ AWT-EventQueue-0:459 ] - [ INFO ]  配置信息：ds.ui.database.title=数据库设置
2017-07-13 13:13:07  [ AWT-EventQueue-0:461 ] - [ INFO ]  配置信息：ds.ui.schedule.title=任务计划
2017-07-13 13:13:07  [ AWT-EventQueue-0:463 ] - [ INFO ]  配置信息：ds.ui.backup.title=备份管理
2017-07-13 13:13:07  [ AWT-EventQueue-0:465 ] - [ INFO ]  配置信息：ds.ui.setting.title=设置
2017-07-13 13:13:07  [ AWT-EventQueue-0:586 ] - [ INFO ]  ==================AppInitEnd
2017-07-13 13:51:19  [ AWT-EventQueue-0:0 ] - [ INFO ]  配置信息：ds.ui.font.family=微软雅黑
2017-07-13 13:51:19  [ AWT-EventQueue-0:5 ] - [ INFO ]  配置信息：ds.ui.font.family=微软雅黑
2017-07-13 13:51:19  [ AWT-EventQueue-0:6 ] - [ INFO ]  配置信息：ds.ui.font.family=微软雅黑
2017-07-13 13:51:19  [ AWT-EventQueue-0:78 ] - [ INFO ]  ==================AppInitStart
2017-07-13 13:51:19  [ AWT-EventQueue-0:515 ] - [ INFO ]  配置信息：ds.ui.status.title=状态
2017-07-13 13:51:19  [ AWT-EventQueue-0:524 ] - [ INFO ]  配置信息：ds.ui.database.title=数据库设置
2017-07-13 13:51:19  [ AWT-EventQueue-0:527 ] - [ INFO ]  配置信息：ds.ui.schedule.title=任务计划
2017-07-13 13:51:19  [ AWT-EventQueue-0:529 ] - [ INFO ]  配置信息：ds.ui.backup.title=备份管理
2017-07-13 13:51:19  [ AWT-EventQueue-0:530 ] - [ INFO ]  配置信息：ds.ui.setting.title=设置
2017-07-13 13:51:20  [ AWT-EventQueue-0:574 ] - [ INFO ]  ==================AppInitEnd
2017-07-13 13:52:23  [ AWT-EventQueue-0:0 ] - [ INFO ]  配置信息：ds.ui.font.family=微软雅黑
2017-07-13 13:52:23  [ AWT-EventQueue-0:4 ] - [ INFO ]  配置信息：ds.ui.font.family=微软雅黑
2017-07-13 13:52:23  [ AWT-EventQueue-0:5 ] - [ INFO ]  配置信息：ds.ui.font.family=微软雅黑
2017-07-13 13:52:23  [ AWT-EventQueue-0:73 ] - [ INFO ]  ==================AppInitStart
2017-07-13 13:52:23  [ AWT-EventQueue-0:449 ] - [ INFO ]  配置信息：ds.ui.status.title=状态
2017-07-13 13:52:23  [ AWT-EventQueue-0:458 ] - [ INFO ]  配置信息：ds.ui.database.title=数据库设置
2017-07-13 13:52:23  [ AWT-EventQueue-0:460 ] - [ INFO ]  配置信息：ds.ui.schedule.title=任务计划
2017-07-13 13:52:23  [ AWT-EventQueue-0:461 ] - [ INFO ]  配置信息：ds.ui.backup.title=备份管理
2017-07-13 13:52:23  [ AWT-EventQueue-0:463 ] - [ INFO ]  配置信息：ds.ui.setting.title=设置
2017-07-13 13:52:23  [ AWT-EventQueue-0:497 ] - [ INFO ]  ==================AppInitEnd
2017-07-13 13:53:42  [ AWT-EventQueue-0:0 ] - [ INFO ]  配置信息：ds.ui.font.family=微软雅黑
2017-07-13 13:53:43  [ AWT-EventQueue-0:5 ] - [ INFO ]  配置信息：ds.ui.font.family=微软雅黑
2017-07-13 13:53:43  [ AWT-EventQueue-0:5 ] - [ INFO ]  配置信息：ds.ui.font.family=微软雅黑
2017-07-13 13:53:43  [ AWT-EventQueue-0:74 ] - [ INFO ]  ==================AppInitStart
2017-07-13 13:53:43  [ AWT-EventQueue-0:390 ] - [ INFO ]  配置信息：ds.ui.status.title=状态
2017-07-13 13:53:43  [ AWT-EventQueue-0:488 ] - [ INFO ]  配置信息：ds.ui.database.title=数据库设置
2017-07-13 13:53:43  [ AWT-EventQueue-0:491 ] - [ INFO ]  配置信息：ds.ui.schedule.title=任务计划
2017-07-13 13:53:43  [ AWT-EventQueue-0:493 ] - [ INFO ]  配置信息：ds.ui.backup.title=备份管理
2017-07-13 13:53:43  [ AWT-EventQueue-0:495 ] - [ INFO ]  配置信息：ds.ui.setting.title=设置
2017-07-13 13:53:43  [ AWT-EventQueue-0:537 ] - [ INFO ]  ==================AppInitEnd
2017-07-13 13:54:56  [ AWT-EventQueue-0:0 ] - [ INFO ]  配置信息：ds.ui.font.family=微软雅黑
2017-07-13 13:54:56  [ AWT-EventQueue-0:5 ] - [ INFO ]  配置信息：ds.ui.font.family=微软雅黑
2017-07-13 13:54:56  [ AWT-EventQueue-0:5 ] - [ INFO ]  配置信息：ds.ui.font.family=微软雅黑
2017-07-13 13:54:56  [ AWT-EventQueue-0:73 ] - [ INFO ]  ==================AppInitStart
2017-07-13 13:54:57  [ AWT-EventQueue-0:433 ] - [ INFO ]  配置信息：ds.ui.status.title=状态
2017-07-13 13:54:57  [ AWT-EventQueue-0:439 ] - [ INFO ]  配置信息：ds.ui.database.title=数据库设置
2017-07-13 13:54:57  [ AWT-EventQueue-0:441 ] - [ INFO ]  配置信息：ds.ui.schedule.title=任务计划
2017-07-13 13:54:57  [ AWT-EventQueue-0:442 ] - [ INFO ]  配置信息：ds.ui.backup.title=备份管理
2017-07-13 13:54:57  [ AWT-EventQueue-0:444 ] - [ INFO ]  配置信息：ds.ui.setting.title=设置
2017-07-13 13:54:57  [ AWT-EventQueue-0:475 ] - [ INFO ]  ==================AppInitEnd
2017-07-13 13:56:12  [ AWT-EventQueue-0:0 ] - [ INFO ]  配置信息：ds.ui.font.family=微软雅黑
2017-07-13 13:56:12  [ AWT-EventQueue-0:5 ] - [ INFO ]  配置信息：ds.ui.font.family=微软雅黑
2017-07-13 13:56:12  [ AWT-EventQueue-0:6 ] - [ INFO ]  配置信息：ds.ui.font.family=微软雅黑
2017-07-13 13:56:12  [ AWT-EventQueue-0:72 ] - [ INFO ]  ==================AppInitStart
2017-07-13 13:56:12  [ AWT-EventQueue-0:384 ] - [ INFO ]  配置信息：ds.ui.status.title=状态
2017-07-13 13:56:12  [ AWT-EventQueue-0:392 ] - [ INFO ]  配置信息：ds.ui.database.title=数据库设置
2017-07-13 13:56:12  [ AWT-EventQueue-0:394 ] - [ INFO ]  配置信息：ds.ui.schedule.title=任务计划
2017-07-13 13:56:12  [ AWT-EventQueue-0:396 ] - [ INFO ]  配置信息：ds.ui.backup.title=备份管理
2017-07-13 13:56:12  [ AWT-EventQueue-0:398 ] - [ INFO ]  配置信息：ds.ui.setting.title=设置
2017-07-13 13:56:12  [ AWT-EventQueue-0:439 ] - [ INFO ]  ==================AppInitEnd
2017-07-13 13:56:50  [ AWT-EventQueue-0:0 ] - [ INFO ]  配置信息：ds.ui.font.family=微软雅黑
2017-07-13 13:56:50  [ AWT-EventQueue-0:6 ] - [ INFO ]  配置信息：ds.ui.font.family=微软雅黑
2017-07-13 13:56:50  [ AWT-EventQueue-0:6 ] - [ INFO ]  配置信息：ds.ui.font.family=微软雅黑
2017-07-13 13:56:50  [ AWT-EventQueue-0:71 ] - [ INFO ]  ==================AppInitStart
2017-07-13 13:56:50  [ AWT-EventQueue-0:391 ] - [ INFO ]  配置信息：ds.ui.status.title=状态
2017-07-13 13:56:50  [ AWT-EventQueue-0:399 ] - [ INFO ]  配置信息：ds.ui.database.title=数据库设置
2017-07-13 13:56:50  [ AWT-EventQueue-0:401 ] - [ INFO ]  配置信息：ds.ui.schedule.title=任务计划
2017-07-13 13:56:50  [ AWT-EventQueue-0:403 ] - [ INFO ]  配置信息：ds.ui.backup.title=备份管理
2017-07-13 13:56:50  [ AWT-EventQueue-0:405 ] - [ INFO ]  配置信息：ds.ui.setting.title=设置
2017-07-13 13:56:50  [ AWT-EventQueue-0:443 ] - [ INFO ]  ==================AppInitEnd
2017-07-13 13:57:38  [ AWT-EventQueue-0:0 ] - [ INFO ]  配置信息：ds.ui.font.family=微软雅黑
2017-07-13 13:57:38  [ AWT-EventQueue-0:6 ] - [ INFO ]  配置信息：ds.ui.font.family=微软雅黑
2017-07-13 13:57:38  [ AWT-EventQueue-0:6 ] - [ INFO ]  配置信息：ds.ui.font.family=微软雅黑
2017-07-13 13:57:38  [ AWT-EventQueue-0:80 ] - [ INFO ]  ==================AppInitStart
2017-07-13 13:57:38  [ AWT-EventQueue-0:454 ] - [ INFO ]  配置信息：ds.ui.status.title=状态
2017-07-13 13:57:38  [ AWT-EventQueue-0:469 ] - [ INFO ]  配置信息：ds.ui.database.title=数据库设置
2017-07-13 13:57:38  [ AWT-EventQueue-0:471 ] - [ INFO ]  配置信息：ds.ui.schedule.title=任务计划
2017-07-13 13:57:38  [ AWT-EventQueue-0:473 ] - [ INFO ]  配置信息：ds.ui.backup.title=备份管理
2017-07-13 13:57:38  [ AWT-EventQueue-0:475 ] - [ INFO ]  配置信息：ds.ui.setting.title=设置
2017-07-13 13:57:38  [ AWT-EventQueue-0:515 ] - [ INFO ]  ==================AppInitEnd
2017-07-13 13:58:15  [ AWT-EventQueue-0:0 ] - [ INFO ]  配置信息：ds.ui.font.family=微软雅黑
2017-07-13 13:58:15  [ AWT-EventQueue-0:5 ] - [ INFO ]  配置信息：ds.ui.font.family=微软雅黑
2017-07-13 13:58:15  [ AWT-EventQueue-0:6 ] - [ INFO ]  配置信息：ds.ui.font.family=微软雅黑
2017-07-13 13:58:15  [ AWT-EventQueue-0:75 ] - [ INFO ]  ==================AppInitStart
2017-07-13 13:58:15  [ AWT-EventQueue-0:375 ] - [ INFO ]  配置信息：ds.ui.status.title=状态
2017-07-13 13:58:15  [ AWT-EventQueue-0:385 ] - [ INFO ]  配置信息：ds.ui.database.title=数据库设置
2017-07-13 13:58:15  [ AWT-EventQueue-0:387 ] - [ INFO ]  配置信息：ds.ui.schedule.title=任务计划
2017-07-13 13:58:15  [ AWT-EventQueue-0:389 ] - [ INFO ]  配置信息：ds.ui.backup.title=备份管理
2017-07-13 13:58:15  [ AWT-EventQueue-0:390 ] - [ INFO ]  配置信息：ds.ui.setting.title=设置
2017-07-13 13:58:15  [ AWT-EventQueue-0:433 ] - [ INFO ]  ==================AppInitEnd
2017-07-13 13:59:21  [ AWT-EventQueue-0:0 ] - [ INFO ]  配置信息：ds.ui.font.family=微软雅黑
2017-07-13 13:59:21  [ AWT-EventQueue-0:6 ] - [ INFO ]  配置信息：ds.ui.font.family=微软雅黑
2017-07-13 13:59:21  [ AWT-EventQueue-0:7 ] - [ INFO ]  配置信息：ds.ui.font.family=微软雅黑
2017-07-13 13:59:21  [ AWT-EventQueue-0:82 ] - [ INFO ]  ==================AppInitStart
2017-07-13 13:59:21  [ AWT-EventQueue-0:439 ] - [ INFO ]  配置信息：ds.ui.status.title=状态
2017-07-13 13:59:21  [ AWT-EventQueue-0:449 ] - [ INFO ]  配置信息：ds.ui.database.title=数据库设置
2017-07-13 13:59:21  [ AWT-EventQueue-0:455 ] - [ INFO ]  配置信息：ds.ui.schedule.title=任务计划
2017-07-13 13:59:21  [ AWT-EventQueue-0:460 ] - [ INFO ]  配置信息：ds.ui.backup.title=备份管理
2017-07-13 13:59:21  [ AWT-EventQueue-0:461 ] - [ INFO ]  配置信息：ds.ui.setting.title=设置
2017-07-13 13:59:21  [ AWT-EventQueue-0:506 ] - [ INFO ]  ==================AppInitEnd
2017-07-13 14:00:08  [ AWT-EventQueue-0:0 ] - [ INFO ]  配置信息：ds.ui.font.family=微软雅黑
2017-07-13 14:00:08  [ AWT-EventQueue-0:5 ] - [ INFO ]  配置信息：ds.ui.font.family=微软雅黑
2017-07-13 14:00:08  [ AWT-EventQueue-0:6 ] - [ INFO ]  配置信息：ds.ui.font.family=微软雅黑
2017-07-13 14:00:08  [ AWT-EventQueue-0:83 ] - [ INFO ]  ==================AppInitStart
2017-07-13 14:00:09  [ AWT-EventQueue-0:555 ] - [ INFO ]  配置信息：ds.ui.status.title=状态
2017-07-13 14:00:09  [ AWT-EventQueue-0:565 ] - [ INFO ]  配置信息：ds.ui.database.title=数据库设置
2017-07-13 14:00:09  [ AWT-EventQueue-0:566 ] - [ INFO ]  配置信息：ds.ui.schedule.title=任务计划
2017-07-13 14:00:09  [ AWT-EventQueue-0:568 ] - [ INFO ]  配置信息：ds.ui.backup.title=备份管理
2017-07-13 14:00:09  [ AWT-EventQueue-0:570 ] - [ INFO ]  配置信息：ds.ui.setting.title=设置
2017-07-13 14:00:09  [ AWT-EventQueue-0:631 ] - [ INFO ]  ==================AppInitEnd
2017-07-13 14:00:36  [ AWT-EventQueue-0:0 ] - [ INFO ]  配置信息：ds.ui.font.family=微软雅黑
2017-07-13 14:00:36  [ AWT-EventQueue-0:5 ] - [ INFO ]  配置信息：ds.ui.font.family=微软雅黑
2017-07-13 14:00:36  [ AWT-EventQueue-0:5 ] - [ INFO ]  配置信息：ds.ui.font.family=微软雅黑
2017-07-13 14:00:36  [ AWT-EventQueue-0:86 ] - [ INFO ]  ==================AppInitStart
2017-07-13 14:00:36  [ AWT-EventQueue-0:385 ] - [ INFO ]  配置信息：ds.ui.status.title=状态
2017-07-13 14:00:36  [ AWT-EventQueue-0:394 ] - [ INFO ]  配置信息：ds.ui.database.title=数据库设置
2017-07-13 14:00:36  [ AWT-EventQueue-0:396 ] - [ INFO ]  配置信息：ds.ui.schedule.title=任务计划
2017-07-13 14:00:36  [ AWT-EventQueue-0:398 ] - [ INFO ]  配置信息：ds.ui.backup.title=备份管理
2017-07-13 14:00:36  [ AWT-EventQueue-0:399 ] - [ INFO ]  配置信息：ds.ui.setting.title=设置
2017-07-13 14:00:36  [ AWT-EventQueue-0:437 ] - [ INFO ]  ==================AppInitEnd
2017-07-13 14:02:25  [ AWT-EventQueue-0:0 ] - [ INFO ]  配置信息：ds.ui.font.family=微软雅黑
2017-07-13 14:02:25  [ AWT-EventQueue-0:5 ] - [ INFO ]  配置信息：ds.ui.font.family=微软雅黑
2017-07-13 14:02:25  [ AWT-EventQueue-0:6 ] - [ INFO ]  配置信息：ds.ui.font.family=微软雅黑
2017-07-13 14:02:25  [ AWT-EventQueue-0:75 ] - [ INFO ]  ==================AppInitStart
2017-07-13 14:02:26  [ AWT-EventQueue-0:480 ] - [ INFO ]  配置信息：ds.ui.status.title=状态
2017-07-13 14:02:26  [ AWT-EventQueue-0:489 ] - [ INFO ]  配置信息：ds.ui.database.title=数据库设置
2017-07-13 14:02:26  [ AWT-EventQueue-0:491 ] - [ INFO ]  配置信息：ds.ui.schedule.title=任务计划
2017-07-13 14:02:26  [ AWT-EventQueue-0:493 ] - [ INFO ]  配置信息：ds.ui.backup.title=备份管理
2017-07-13 14:02:26  [ AWT-EventQueue-0:495 ] - [ INFO ]  配置信息：ds.ui.setting.title=设置
2017-07-13 14:02:26  [ AWT-EventQueue-0:539 ] - [ INFO ]  ==================AppInitEnd
2017-07-13 14:03:09  [ AWT-EventQueue-0:0 ] - [ INFO ]  配置信息：ds.ui.font.family=微软雅黑
2017-07-13 14:03:09  [ AWT-EventQueue-0:5 ] - [ INFO ]  配置信息：ds.ui.font.family=微软雅黑
2017-07-13 14:03:09  [ AWT-EventQueue-0:5 ] - [ INFO ]  配置信息：ds.ui.font.family=微软雅黑
2017-07-13 14:03:09  [ AWT-EventQueue-0:89 ] - [ INFO ]  ==================AppInitStart
2017-07-13 14:03:09  [ AWT-EventQueue-0:478 ] - [ INFO ]  配置信息：ds.ui.status.title=状态
2017-07-13 14:03:09  [ AWT-EventQueue-0:487 ] - [ INFO ]  配置信息：ds.ui.database.title=数据库设置
2017-07-13 14:03:09  [ AWT-EventQueue-0:489 ] - [ INFO ]  配置信息：ds.ui.schedule.title=任务计划
2017-07-13 14:03:09  [ AWT-EventQueue-0:491 ] - [ INFO ]  配置信息：ds.ui.backup.title=备份管理
2017-07-13 14:03:09  [ AWT-EventQueue-0:493 ] - [ INFO ]  配置信息：ds.ui.setting.title=设置
2017-07-13 14:03:09  [ AWT-EventQueue-0:537 ] - [ INFO ]  ==================AppInitEnd
2017-07-13 14:04:03  [ AWT-EventQueue-0:0 ] - [ INFO ]  配置信息：ds.ui.font.family=微软雅黑
2017-07-13 14:04:03  [ AWT-EventQueue-0:6 ] - [ INFO ]  配置信息：ds.ui.font.family=微软雅黑
2017-07-13 14:04:03  [ AWT-EventQueue-0:6 ] - [ INFO ]  配置信息：ds.ui.font.family=微软雅黑
2017-07-13 14:04:03  [ AWT-EventQueue-0:78 ] - [ INFO ]  ==================AppInitStart
2017-07-13 14:04:03  [ AWT-EventQueue-0:460 ] - [ INFO ]  配置信息：ds.ui.status.title=状态
2017-07-13 14:04:03  [ AWT-EventQueue-0:471 ] - [ INFO ]  配置信息：ds.ui.database.title=数据库设置
2017-07-13 14:04:03  [ AWT-EventQueue-0:473 ] - [ INFO ]  配置信息：ds.ui.schedule.title=任务计划
2017-07-13 14:04:03  [ AWT-EventQueue-0:474 ] - [ INFO ]  配置信息：ds.ui.backup.title=备份管理
2017-07-13 14:04:03  [ AWT-EventQueue-0:477 ] - [ INFO ]  配置信息：ds.ui.setting.title=设置
2017-07-13 14:04:03  [ AWT-EventQueue-0:521 ] - [ INFO ]  ==================AppInitEnd
2017-07-13 14:04:40  [ AWT-EventQueue-0:0 ] - [ INFO ]  配置信息：ds.ui.font.family=微软雅黑
2017-07-13 14:04:40  [ AWT-EventQueue-0:4 ] - [ INFO ]  配置信息：ds.ui.font.family=微软雅黑
2017-07-13 14:04:40  [ AWT-EventQueue-0:5 ] - [ INFO ]  配置信息：ds.ui.font.family=微软雅黑
2017-07-13 14:04:40  [ AWT-EventQueue-0:75 ] - [ INFO ]  ==================AppInitStart
2017-07-13 14:04:40  [ AWT-EventQueue-0:470 ] - [ INFO ]  配置信息：ds.ui.status.title=状态
2017-07-13 14:04:40  [ AWT-EventQueue-0:512 ] - [ INFO ]  配置信息：ds.ui.database.title=数据库设置
2017-07-13 14:04:40  [ AWT-EventQueue-0:515 ] - [ INFO ]  配置信息：ds.ui.schedule.title=任务计划
2017-07-13 14:04:40  [ AWT-EventQueue-0:516 ] - [ INFO ]  配置信息：ds.ui.backup.title=备份管理
2017-07-13 14:04:40  [ AWT-EventQueue-0:518 ] - [ INFO ]  配置信息：ds.ui.setting.title=设置
2017-07-13 14:04:40  [ AWT-EventQueue-0:567 ] - [ INFO ]  ==================AppInitEnd
2017-07-13 14:06:33  [ AWT-EventQueue-0:0 ] - [ INFO ]  配置信息：ds.ui.font.family=微软雅黑
2017-07-13 14:06:33  [ AWT-EventQueue-0:5 ] - [ INFO ]  配置信息：ds.ui.font.family=微软雅黑
2017-07-13 14:06:33  [ AWT-EventQueue-0:6 ] - [ INFO ]  配置信息：ds.ui.font.family=微软雅黑
2017-07-13 14:06:33  [ AWT-EventQueue-0:79 ] - [ INFO ]  ==================AppInitStart
2017-07-13 14:06:33  [ AWT-EventQueue-0:458 ] - [ INFO ]  配置信息：ds.ui.status.title=状态
2017-07-13 14:06:33  [ AWT-EventQueue-0:466 ] - [ INFO ]  配置信息：ds.ui.database.title=数据库设置
2017-07-13 14:06:33  [ AWT-EventQueue-0:468 ] - [ INFO ]  配置信息：ds.ui.schedule.title=任务计划
2017-07-13 14:06:33  [ AWT-EventQueue-0:471 ] - [ INFO ]  配置信息：ds.ui.backup.title=备份管理
2017-07-13 14:06:33  [ AWT-EventQueue-0:472 ] - [ INFO ]  配置信息：ds.ui.setting.title=设置
2017-07-13 14:06:33  [ AWT-EventQueue-0:511 ] - [ INFO ]  ==================AppInitEnd
2017-07-13 14:06:53  [ AWT-EventQueue-0:0 ] - [ INFO ]  配置信息：ds.ui.font.family=微软雅黑
2017-07-13 14:06:53  [ AWT-EventQueue-0:6 ] - [ INFO ]  配置信息：ds.ui.font.family=微软雅黑
2017-07-13 14:06:53  [ AWT-EventQueue-0:6 ] - [ INFO ]  配置信息：ds.ui.font.family=微软雅黑
2017-07-13 14:06:53  [ AWT-EventQueue-0:77 ] - [ INFO ]  ==================AppInitStart
2017-07-13 14:06:53  [ AWT-EventQueue-0:395 ] - [ INFO ]  配置信息：ds.ui.status.title=状态
2017-07-13 14:06:53  [ AWT-EventQueue-0:405 ] - [ INFO ]  配置信息：ds.ui.database.title=数据库设置
2017-07-13 14:06:53  [ AWT-EventQueue-0:407 ] - [ INFO ]  配置信息：ds.ui.schedule.title=任务计划
2017-07-13 14:06:53  [ AWT-EventQueue-0:409 ] - [ INFO ]  配置信息：ds.ui.backup.title=备份管理
2017-07-13 14:06:53  [ AWT-EventQueue-0:411 ] - [ INFO ]  配置信息：ds.ui.setting.title=设置
2017-07-13 14:06:53  [ AWT-EventQueue-0:451 ] - [ INFO ]  ==================AppInitEnd
2017-07-13 14:11:33  [ AWT-EventQueue-0:0 ] - [ INFO ]  配置信息：ds.ui.font.family=微软雅黑
2017-07-13 14:11:33  [ AWT-EventQueue-0:5 ] - [ INFO ]  配置信息：ds.ui.font.family=微软雅黑
2017-07-13 14:11:33  [ AWT-EventQueue-0:5 ] - [ INFO ]  配置信息：ds.ui.font.family=微软雅黑
2017-07-13 14:11:33  [ AWT-EventQueue-0:75 ] - [ INFO ]  ==================AppInitStart
2017-07-13 14:11:33  [ AWT-EventQueue-0:444 ] - [ INFO ]  配置信息：ds.ui.status.title=状态
2017-07-13 14:11:33  [ AWT-EventQueue-0:454 ] - [ INFO ]  配置信息：ds.ui.database.title=数据库设置
2017-07-13 14:11:33  [ AWT-EventQueue-0:459 ] - [ INFO ]  配置信息：ds.ui.schedule.title=任务计划
2017-07-13 14:11:33  [ AWT-EventQueue-0:461 ] - [ INFO ]  配置信息：ds.ui.backup.title=备份管理
2017-07-13 14:11:33  [ AWT-EventQueue-0:464 ] - [ INFO ]  配置信息：ds.ui.setting.title=设置
2017-07-13 14:11:33  [ AWT-EventQueue-0:511 ] - [ INFO ]  ==================AppInitEnd
2017-07-13 14:11:53  [ AWT-EventQueue-0:0 ] - [ INFO ]  配置信息：ds.ui.font.family=微软雅黑
2017-07-13 14:11:53  [ AWT-EventQueue-0:5 ] - [ INFO ]  配置信息：ds.ui.font.family=微软雅黑
2017-07-13 14:11:53  [ AWT-EventQueue-0:6 ] - [ INFO ]  配置信息：ds.ui.font.family=微软雅黑
2017-07-13 14:11:54  [ AWT-EventQueue-0:76 ] - [ INFO ]  ==================AppInitStart
2017-07-13 14:11:54  [ AWT-EventQueue-0:437 ] - [ INFO ]  配置信息：ds.ui.status.title=状态
2017-07-13 14:11:54  [ AWT-EventQueue-0:448 ] - [ INFO ]  配置信息：ds.ui.database.title=数据库设置
2017-07-13 14:11:54  [ AWT-EventQueue-0:454 ] - [ INFO ]  配置信息：ds.ui.schedule.title=任务计划
2017-07-13 14:11:54  [ AWT-EventQueue-0:457 ] - [ INFO ]  配置信息：ds.ui.backup.title=备份管理
2017-07-13 14:11:54  [ AWT-EventQueue-0:460 ] - [ INFO ]  配置信息：ds.ui.setting.title=设置
2017-07-13 14:11:54  [ AWT-EventQueue-0:504 ] - [ INFO ]  ==================AppInitEnd
2017-07-13 14:12:22  [ AWT-EventQueue-0:0 ] - [ INFO ]  配置信息：ds.ui.font.family=微软雅黑
2017-07-13 14:12:22  [ AWT-EventQueue-0:5 ] - [ INFO ]  配置信息：ds.ui.font.family=微软雅黑
2017-07-13 14:12:22  [ AWT-EventQueue-0:6 ] - [ INFO ]  配置信息：ds.ui.font.family=微软雅黑
2017-07-13 14:12:22  [ AWT-EventQueue-0:75 ] - [ INFO ]  ==================AppInitStart
2017-07-13 14:12:22  [ AWT-EventQueue-0:424 ] - [ INFO ]  配置信息：ds.ui.status.title=状态
2017-07-13 14:12:22  [ AWT-EventQueue-0:432 ] - [ INFO ]  配置信息：ds.ui.database.title=数据库设置
2017-07-13 14:12:22  [ AWT-EventQueue-0:434 ] - [ INFO ]  配置信息：ds.ui.schedule.title=任务计划
2017-07-13 14:12:22  [ AWT-EventQueue-0:435 ] - [ INFO ]  配置信息：ds.ui.backup.title=备份管理
2017-07-13 14:12:22  [ AWT-EventQueue-0:437 ] - [ INFO ]  配置信息：ds.ui.setting.title=设置
2017-07-13 14:12:22  [ AWT-EventQueue-0:474 ] - [ INFO ]  ==================AppInitEnd
2017-07-13 14:13:11  [ AWT-EventQueue-0:0 ] - [ INFO ]  配置信息：ds.ui.font.family=微软雅黑
2017-07-13 14:13:11  [ AWT-EventQueue-0:4 ] - [ INFO ]  配置信息：ds.ui.font.family=微软雅黑
2017-07-13 14:13:11  [ AWT-EventQueue-0:5 ] - [ INFO ]  配置信息：ds.ui.font.family=微软雅黑
2017-07-13 14:13:11  [ AWT-EventQueue-0:74 ] - [ INFO ]  ==================AppInitStart
2017-07-13 14:13:11  [ AWT-EventQueue-0:448 ] - [ INFO ]  配置信息：ds.ui.status.title=状态
2017-07-13 14:13:11  [ AWT-EventQueue-0:457 ] - [ INFO ]  配置信息：ds.ui.database.title=数据库设置
2017-07-13 14:13:11  [ AWT-EventQueue-0:459 ] - [ INFO ]  配置信息：ds.ui.schedule.title=任务计划
2017-07-13 14:13:11  [ AWT-EventQueue-0:461 ] - [ INFO ]  配置信息：ds.ui.backup.title=备份管理
2017-07-13 14:13:11  [ AWT-EventQueue-0:463 ] - [ INFO ]  配置信息：ds.ui.setting.title=设置
2017-07-13 14:13:11  [ AWT-EventQueue-0:502 ] - [ INFO ]  ==================AppInitEnd
2017-07-13 14:14:11  [ AWT-EventQueue-0:1 ] - [ INFO ]  配置信息：ds.ui.font.family=微软雅黑
2017-07-13 14:14:11  [ AWT-EventQueue-0:5 ] - [ INFO ]  配置信息：ds.ui.font.family=微软雅黑
2017-07-13 14:14:11  [ AWT-EventQueue-0:6 ] - [ INFO ]  配置信息：ds.ui.font.family=微软雅黑
2017-07-13 14:14:11  [ AWT-EventQueue-0:70 ] - [ INFO ]  ==================AppInitStart
2017-07-13 14:14:11  [ AWT-EventQueue-0:397 ] - [ INFO ]  配置信息：ds.ui.status.title=状态
2017-07-13 14:14:11  [ AWT-EventQueue-0:405 ] - [ INFO ]  配置信息：ds.ui.database.title=数据库设置
2017-07-13 14:14:11  [ AWT-EventQueue-0:407 ] - [ INFO ]  配置信息：ds.ui.schedule.title=任务计划
2017-07-13 14:14:11  [ AWT-EventQueue-0:412 ] - [ INFO ]  配置信息：ds.ui.backup.title=备份管理
2017-07-13 14:14:11  [ AWT-EventQueue-0:414 ] - [ INFO ]  配置信息：ds.ui.setting.title=设置
2017-07-13 14:14:11  [ AWT-EventQueue-0:490 ] - [ INFO ]  ==================AppInitEnd
2017-07-13 14:14:46  [ AWT-EventQueue-0:0 ] - [ INFO ]  配置信息：ds.ui.font.family=微软雅黑
2017-07-13 14:14:46  [ AWT-EventQueue-0:5 ] - [ INFO ]  配置信息：ds.ui.font.family=微软雅黑
2017-07-13 14:14:46  [ AWT-EventQueue-0:6 ] - [ INFO ]  配置信息：ds.ui.font.family=微软雅黑
2017-07-13 14:14:46  [ AWT-EventQueue-0:71 ] - [ INFO ]  ==================AppInitStart
2017-07-13 14:14:46  [ AWT-EventQueue-0:411 ] - [ INFO ]  配置信息：ds.ui.status.title=状态
2017-07-13 14:14:46  [ AWT-EventQueue-0:420 ] - [ INFO ]  配置信息：ds.ui.database.title=数据库设置
2017-07-13 14:14:46  [ AWT-EventQueue-0:422 ] - [ INFO ]  配置信息：ds.ui.schedule.title=任务计划
2017-07-13 14:14:46  [ AWT-EventQueue-0:424 ] - [ INFO ]  配置信息：ds.ui.backup.title=备份管理
2017-07-13 14:14:46  [ AWT-EventQueue-0:426 ] - [ INFO ]  配置信息：ds.ui.setting.title=设置
2017-07-13 14:14:46  [ AWT-EventQueue-0:481 ] - [ INFO ]  ==================AppInitEnd
2017-07-13 14:15:24  [ AWT-EventQueue-0:0 ] - [ INFO ]  配置信息：ds.ui.font.family=微软雅黑
2017-07-13 14:15:24  [ AWT-EventQueue-0:4 ] - [ INFO ]  配置信息：ds.ui.font.family=微软雅黑
2017-07-13 14:15:24  [ AWT-EventQueue-0:5 ] - [ INFO ]  配置信息：ds.ui.font.family=微软雅黑
2017-07-13 14:15:24  [ AWT-EventQueue-0:71 ] - [ INFO ]  ==================AppInitStart
2017-07-13 14:15:24  [ AWT-EventQueue-0:422 ] - [ INFO ]  配置信息：ds.ui.status.title=状态
2017-07-13 14:15:24  [ AWT-EventQueue-0:428 ] - [ INFO ]  配置信息：ds.ui.database.title=数据库设置
2017-07-13 14:15:24  [ AWT-EventQueue-0:431 ] - [ INFO ]  配置信息：ds.ui.schedule.title=任务计划
2017-07-13 14:15:24  [ AWT-EventQueue-0:433 ] - [ INFO ]  配置信息：ds.ui.backup.title=备份管理
2017-07-13 14:15:24  [ AWT-EventQueue-0:436 ] - [ INFO ]  配置信息：ds.ui.setting.title=设置
2017-07-13 14:15:24  [ AWT-EventQueue-0:525 ] - [ INFO ]  ==================AppInitEnd
2017-07-13 14:18:56  [ AWT-EventQueue-0:0 ] - [ INFO ]  配置信息：ds.ui.font.family=微软雅黑
2017-07-13 14:18:56  [ AWT-EventQueue-0:6 ] - [ INFO ]  配置信息：ds.ui.font.family=微软雅黑
2017-07-13 14:18:56  [ AWT-EventQueue-0:7 ] - [ INFO ]  配置信息：ds.ui.font.family=微软雅黑
2017-07-13 14:18:56  [ AWT-EventQueue-0:88 ] - [ INFO ]  ==================AppInitStart
2017-07-13 14:18:57  [ AWT-EventQueue-0:401 ] - [ INFO ]  配置信息：ds.ui.status.title=状态
2017-07-13 14:18:57  [ AWT-EventQueue-0:410 ] - [ INFO ]  配置信息：ds.ui.database.title=数据库设置
2017-07-13 14:18:57  [ AWT-EventQueue-0:412 ] - [ INFO ]  配置信息：ds.ui.schedule.title=任务计划
2017-07-13 14:18:57  [ AWT-EventQueue-0:414 ] - [ INFO ]  配置信息：ds.ui.backup.title=备份管理
2017-07-13 14:18:57  [ AWT-EventQueue-0:416 ] - [ INFO ]  配置信息：ds.ui.setting.title=设置
2017-07-13 14:18:57  [ AWT-EventQueue-0:499 ] - [ INFO ]  ==================AppInitEnd
2017-07-13 14:22:06  [ AWT-EventQueue-0:0 ] - [ INFO ]  配置信息：ds.ui.font.family=微软雅黑
2017-07-13 14:22:06  [ AWT-EventQueue-0:4 ] - [ INFO ]  配置信息：ds.ui.font.family=微软雅黑
2017-07-13 14:22:06  [ AWT-EventQueue-0:5 ] - [ INFO ]  配置信息：ds.ui.font.family=微软雅黑
2017-07-13 14:22:06  [ AWT-EventQueue-0:78 ] - [ INFO ]  ==================AppInitStart
2017-07-13 14:22:06  [ AWT-EventQueue-0:435 ] - [ INFO ]  配置信息：ds.ui.status.title=状态
2017-07-13 14:22:06  [ AWT-EventQueue-0:445 ] - [ INFO ]  配置信息：ds.ui.database.title=数据库设置
2017-07-13 14:22:06  [ AWT-EventQueue-0:447 ] - [ INFO ]  配置信息：ds.ui.schedule.title=任务计划
2017-07-13 14:22:06  [ AWT-EventQueue-0:449 ] - [ INFO ]  配置信息：ds.ui.backup.title=备份管理
2017-07-13 14:22:06  [ AWT-EventQueue-0:451 ] - [ INFO ]  配置信息：ds.ui.setting.title=设置
2017-07-13 14:22:06  [ AWT-EventQueue-0:544 ] - [ INFO ]  ==================AppInitEnd
2017-07-13 14:22:32  [ AWT-EventQueue-0:0 ] - [ INFO ]  配置信息：ds.ui.font.family=微软雅黑
2017-07-13 14:22:32  [ AWT-EventQueue-0:5 ] - [ INFO ]  配置信息：ds.ui.font.family=微软雅黑
2017-07-13 14:22:32  [ AWT-EventQueue-0:6 ] - [ INFO ]  配置信息：ds.ui.font.family=微软雅黑
2017-07-13 14:22:32  [ AWT-EventQueue-0:74 ] - [ INFO ]  ==================AppInitStart
2017-07-13 14:22:32  [ AWT-EventQueue-0:397 ] - [ INFO ]  配置信息：ds.ui.status.title=状态
2017-07-13 14:22:32  [ AWT-EventQueue-0:406 ] - [ INFO ]  配置信息：ds.ui.database.title=数据库设置
2017-07-13 14:22:32  [ AWT-EventQueue-0:408 ] - [ INFO ]  配置信息：ds.ui.schedule.title=任务计划
2017-07-13 14:22:32  [ AWT-EventQueue-0:410 ] - [ INFO ]  配置信息：ds.ui.backup.title=备份管理
2017-07-13 14:22:32  [ AWT-EventQueue-0:412 ] - [ INFO ]  配置信息：ds.ui.setting.title=设置
2017-07-13 14:22:32  [ AWT-EventQueue-0:508 ] - [ INFO ]  ==================AppInitEnd
2017-07-13 14:22:44  [ AWT-EventQueue-0:0 ] - [ INFO ]  配置信息：ds.ui.font.family=微软雅黑
2017-07-13 14:22:44  [ AWT-EventQueue-0:4 ] - [ INFO ]  配置信息：ds.ui.font.family=微软雅黑
2017-07-13 14:22:44  [ AWT-EventQueue-0:5 ] - [ INFO ]  配置信息：ds.ui.font.family=微软雅黑
2017-07-13 14:22:44  [ AWT-EventQueue-0:66 ] - [ INFO ]  ==================AppInitStart
2017-07-13 14:22:45  [ AWT-EventQueue-0:377 ] - [ INFO ]  配置信息：ds.ui.status.title=状态
2017-07-13 14:22:45  [ AWT-EventQueue-0:387 ] - [ INFO ]  配置信息：ds.ui.database.title=数据库设置
2017-07-13 14:22:45  [ AWT-EventQueue-0:389 ] - [ INFO ]  配置信息：ds.ui.schedule.title=任务计划
2017-07-13 14:22:45  [ AWT-EventQueue-0:390 ] - [ INFO ]  配置信息：ds.ui.backup.title=备份管理
2017-07-13 14:22:45  [ AWT-EventQueue-0:392 ] - [ INFO ]  配置信息：ds.ui.setting.title=设置
2017-07-13 14:22:45  [ AWT-EventQueue-0:480 ] - [ INFO ]  ==================AppInitEnd
2017-07-13 14:22:57  [ AWT-EventQueue-0:0 ] - [ INFO ]  配置信息：ds.ui.font.family=微软雅黑
2017-07-13 14:22:57  [ AWT-EventQueue-0:5 ] - [ INFO ]  配置信息：ds.ui.font.family=微软雅黑
2017-07-13 14:22:57  [ AWT-EventQueue-0:6 ] - [ INFO ]  配置信息：ds.ui.font.family=微软雅黑
2017-07-13 14:22:57  [ AWT-EventQueue-0:70 ] - [ INFO ]  ==================AppInitStart
2017-07-13 14:22:57  [ AWT-EventQueue-0:371 ] - [ INFO ]  配置信息：ds.ui.status.title=状态
2017-07-13 14:22:57  [ AWT-EventQueue-0:379 ] - [ INFO ]  配置信息：ds.ui.database.title=数据库设置
2017-07-13 14:22:57  [ AWT-EventQueue-0:381 ] - [ INFO ]  配置信息：ds.ui.schedule.title=任务计划
2017-07-13 14:22:57  [ AWT-EventQueue-0:383 ] - [ INFO ]  配置信息：ds.ui.backup.title=备份管理
2017-07-13 14:22:57  [ AWT-EventQueue-0:385 ] - [ INFO ]  配置信息：ds.ui.setting.title=设置
2017-07-13 14:22:57  [ AWT-EventQueue-0:467 ] - [ INFO ]  ==================AppInitEnd
2017-07-13 14:23:58  [ AWT-EventQueue-0:0 ] - [ INFO ]  配置信息：ds.ui.font.family=微软雅黑
2017-07-13 14:23:58  [ AWT-EventQueue-0:6 ] - [ INFO ]  配置信息：ds.ui.font.family=微软雅黑
2017-07-13 14:23:58  [ AWT-EventQueue-0:7 ] - [ INFO ]  配置信息：ds.ui.font.family=微软雅黑
2017-07-13 14:23:58  [ AWT-EventQueue-0:85 ] - [ INFO ]  ==================AppInitStart
2017-07-13 14:23:58  [ AWT-EventQueue-0:392 ] - [ INFO ]  配置信息：ds.ui.status.title=状态
2017-07-13 14:23:58  [ AWT-EventQueue-0:462 ] - [ INFO ]  配置信息：ds.ui.database.title=数据库设置
2017-07-13 14:23:58  [ AWT-EventQueue-0:465 ] - [ INFO ]  配置信息：ds.ui.schedule.title=任务计划
2017-07-13 14:23:58  [ AWT-EventQueue-0:468 ] - [ INFO ]  配置信息：ds.ui.backup.title=备份管理
2017-07-13 14:23:58  [ AWT-EventQueue-0:469 ] - [ INFO ]  配置信息：ds.ui.setting.title=设置
2017-07-13 14:23:58  [ AWT-EventQueue-0:549 ] - [ INFO ]  ==================AppInitEnd
2017-07-13 14:26:17  [ AWT-EventQueue-0:0 ] - [ INFO ]  配置信息：ds.ui.font.family=微软雅黑
2017-07-13 14:26:17  [ AWT-EventQueue-0:5 ] - [ INFO ]  配置信息：ds.ui.font.family=微软雅黑
2017-07-13 14:26:17  [ AWT-EventQueue-0:6 ] - [ INFO ]  配置信息：ds.ui.font.family=微软雅黑
2017-07-13 14:26:17  [ AWT-EventQueue-0:76 ] - [ INFO ]  ==================AppInitStart
2017-07-13 14:26:17  [ AWT-EventQueue-0:437 ] - [ INFO ]  配置信息：ds.ui.status.title=状态
2017-07-13 14:26:17  [ AWT-EventQueue-0:444 ] - [ INFO ]  配置信息：ds.ui.database.title=数据库设置
2017-07-13 14:26:17  [ AWT-EventQueue-0:446 ] - [ INFO ]  配置信息：ds.ui.schedule.title=任务计划
2017-07-13 14:26:17  [ AWT-EventQueue-0:447 ] - [ INFO ]  配置信息：ds.ui.backup.title=备份管理
2017-07-13 14:26:17  [ AWT-EventQueue-0:449 ] - [ INFO ]  配置信息：ds.ui.setting.title=设置
2017-07-13 14:26:17  [ AWT-EventQueue-0:483 ] - [ INFO ]  ==================AppInitEnd
2017-07-13 14:28:08  [ AWT-EventQueue-0:0 ] - [ INFO ]  配置信息：ds.ui.font.family=微软雅黑
2017-07-13 14:28:08  [ AWT-EventQueue-0:6 ] - [ INFO ]  配置信息：ds.ui.font.family=微软雅黑
2017-07-13 14:28:08  [ AWT-EventQueue-0:7 ] - [ INFO ]  配置信息：ds.ui.font.family=微软雅黑
2017-07-13 14:28:08  [ AWT-EventQueue-0:82 ] - [ INFO ]  ==================AppInitStart
2017-07-13 14:28:08  [ AWT-EventQueue-0:439 ] - [ INFO ]  配置信息：ds.ui.status.title=状态
2017-07-13 14:28:08  [ AWT-EventQueue-0:491 ] - [ INFO ]  配置信息：ds.ui.database.title=数据库设置
2017-07-13 14:28:08  [ AWT-EventQueue-0:493 ] - [ INFO ]  配置信息：ds.ui.schedule.title=任务计划
2017-07-13 14:28:08  [ AWT-EventQueue-0:495 ] - [ INFO ]  配置信息：ds.ui.backup.title=备份管理
2017-07-13 14:28:08  [ AWT-EventQueue-0:497 ] - [ INFO ]  配置信息：ds.ui.setting.title=设置
2017-07-13 14:28:08  [ AWT-EventQueue-0:538 ] - [ INFO ]  ==================AppInitEnd
2017-07-13 14:30:28  [ AWT-EventQueue-0:0 ] - [ INFO ]  配置信息：ds.ui.font.family=微软雅黑
2017-07-13 14:30:28  [ AWT-EventQueue-0:6 ] - [ INFO ]  配置信息：ds.ui.font.family=微软雅黑
2017-07-13 14:30:28  [ AWT-EventQueue-0:6 ] - [ INFO ]  配置信息：ds.ui.font.family=微软雅黑
2017-07-13 14:30:28  [ AWT-EventQueue-0:73 ] - [ INFO ]  ==================AppInitStart
2017-07-13 14:30:28  [ AWT-EventQueue-0:386 ] - [ INFO ]  配置信息：ds.ui.status.title=状态
2017-07-13 14:30:28  [ AWT-EventQueue-0:393 ] - [ INFO ]  配置信息：ds.ui.database.title=数据库设置
2017-07-13 14:30:28  [ AWT-EventQueue-0:396 ] - [ INFO ]  配置信息：ds.ui.schedule.title=任务计划
2017-07-13 14:30:28  [ AWT-EventQueue-0:397 ] - [ INFO ]  配置信息：ds.ui.backup.title=备份管理
2017-07-13 14:30:28  [ AWT-EventQueue-0:399 ] - [ INFO ]  配置信息：ds.ui.setting.title=设置
2017-07-13 14:30:28  [ AWT-EventQueue-0:448 ] - [ INFO ]  ==================AppInitEnd
2017-07-13 14:31:13  [ AWT-EventQueue-0:0 ] - [ INFO ]  配置信息：ds.ui.font.family=微软雅黑
2017-07-13 14:31:13  [ AWT-EventQueue-0:5 ] - [ INFO ]  配置信息：ds.ui.font.family=微软雅黑
2017-07-13 14:31:13  [ AWT-EventQueue-0:6 ] - [ INFO ]  配置信息：ds.ui.font.family=微软雅黑
2017-07-13 14:31:14  [ AWT-EventQueue-0:73 ] - [ INFO ]  ==================AppInitStart
2017-07-13 14:31:14  [ AWT-EventQueue-0:382 ] - [ INFO ]  配置信息：ds.ui.status.title=状态
2017-07-13 14:31:14  [ AWT-EventQueue-0:450 ] - [ INFO ]  配置信息：ds.ui.database.title=数据库设置
2017-07-13 14:31:14  [ AWT-EventQueue-0:453 ] - [ INFO ]  配置信息：ds.ui.schedule.title=任务计划
2017-07-13 14:31:14  [ AWT-EventQueue-0:455 ] - [ INFO ]  配置信息：ds.ui.backup.title=备份管理
2017-07-13 14:31:14  [ AWT-EventQueue-0:457 ] - [ INFO ]  配置信息：ds.ui.setting.title=设置
2017-07-13 14:31:14  [ AWT-EventQueue-0:493 ] - [ INFO ]  ==================AppInitEnd
2017-07-13 14:35:33  [ AWT-EventQueue-0:0 ] - [ INFO ]  配置信息：ds.ui.font.family=微软雅黑
2017-07-13 14:35:33  [ AWT-EventQueue-0:5 ] - [ INFO ]  配置信息：ds.ui.font.family=微软雅黑
2017-07-13 14:35:33  [ AWT-EventQueue-0:6 ] - [ INFO ]  配置信息：ds.ui.font.family=微软雅黑
2017-07-13 14:35:33  [ AWT-EventQueue-0:80 ] - [ INFO ]  ==================AppInitStart
2017-07-13 14:35:34  [ AWT-EventQueue-0:434 ] - [ INFO ]  配置信息：ds.ui.status.title=状态
2017-07-13 14:35:34  [ AWT-EventQueue-0:443 ] - [ INFO ]  配置信息：ds.ui.database.title=数据库设置
2017-07-13 14:35:34  [ AWT-EventQueue-0:445 ] - [ INFO ]  配置信息：ds.ui.schedule.title=任务计划
2017-07-13 14:35:34  [ AWT-EventQueue-0:447 ] - [ INFO ]  配置信息：ds.ui.backup.title=备份管理
2017-07-13 14:35:34  [ AWT-EventQueue-0:448 ] - [ INFO ]  配置信息：ds.ui.setting.title=设置
2017-07-13 14:35:34  [ AWT-EventQueue-0:483 ] - [ INFO ]  ==================AppInitEnd
2017-07-13 14:40:36  [ AWT-EventQueue-0:0 ] - [ INFO ]  配置信息：ds.ui.font.family=微软雅黑
2017-07-13 14:40:36  [ AWT-EventQueue-0:5 ] - [ INFO ]  配置信息：ds.ui.font.family=微软雅黑
2017-07-13 14:40:36  [ AWT-EventQueue-0:6 ] - [ INFO ]  配置信息：ds.ui.font.family=微软雅黑
2017-07-13 14:40:36  [ AWT-EventQueue-0:80 ] - [ INFO ]  ==================AppInitStart
2017-07-13 14:40:37  [ AWT-EventQueue-0:485 ] - [ INFO ]  配置信息：ds.ui.status.title=状态
2017-07-13 14:40:37  [ AWT-EventQueue-0:494 ] - [ INFO ]  配置信息：ds.ui.database.title=数据库设置
2017-07-13 14:40:37  [ AWT-EventQueue-0:496 ] - [ INFO ]  配置信息：ds.ui.schedule.title=任务计划
2017-07-13 14:40:37  [ AWT-EventQueue-0:498 ] - [ INFO ]  配置信息：ds.ui.backup.title=备份管理
2017-07-13 14:40:37  [ AWT-EventQueue-0:500 ] - [ INFO ]  配置信息：ds.ui.setting.title=设置
2017-07-13 14:40:37  [ AWT-EventQueue-0:538 ] - [ INFO ]  ==================AppInitEnd
2017-07-13 14:42:14  [ AWT-EventQueue-0:0 ] - [ INFO ]  配置信息：ds.ui.font.family=微软雅黑
2017-07-13 14:42:14  [ AWT-EventQueue-0:5 ] - [ INFO ]  配置信息：ds.ui.font.family=微软雅黑
2017-07-13 14:42:14  [ AWT-EventQueue-0:6 ] - [ INFO ]  配置信息：ds.ui.font.family=微软雅黑
2017-07-13 14:42:14  [ AWT-EventQueue-0:76 ] - [ INFO ]  ==================AppInitStart
2017-07-13 14:42:14  [ AWT-EventQueue-0:371 ] - [ INFO ]  配置信息：ds.ui.status.title=状态
2017-07-13 14:42:14  [ AWT-EventQueue-0:378 ] - [ INFO ]  配置信息：ds.ui.database.title=数据库设置
2017-07-13 14:42:14  [ AWT-EventQueue-0:379 ] - [ INFO ]  配置信息：ds.ui.schedule.title=任务计划
2017-07-13 14:42:14  [ AWT-EventQueue-0:381 ] - [ INFO ]  配置信息：ds.ui.backup.title=备份管理
2017-07-13 14:42:14  [ AWT-EventQueue-0:383 ] - [ INFO ]  配置信息：ds.ui.setting.title=设置
2017-07-13 14:42:14  [ AWT-EventQueue-0:417 ] - [ INFO ]  ==================AppInitEnd
2017-07-13 14:42:35  [ AWT-EventQueue-0:0 ] - [ INFO ]  配置信息：ds.ui.font.family=微软雅黑
2017-07-13 14:42:35  [ AWT-EventQueue-0:5 ] - [ INFO ]  配置信息：ds.ui.font.family=微软雅黑
2017-07-13 14:42:35  [ AWT-EventQueue-0:5 ] - [ INFO ]  配置信息：ds.ui.font.family=微软雅黑
2017-07-13 14:42:35  [ AWT-EventQueue-0:73 ] - [ INFO ]  ==================AppInitStart
2017-07-13 14:42:35  [ AWT-EventQueue-0:371 ] - [ INFO ]  配置信息：ds.ui.status.title=状态
2017-07-13 14:42:35  [ AWT-EventQueue-0:380 ] - [ INFO ]  配置信息：ds.ui.database.title=数据库设置
2017-07-13 14:42:35  [ AWT-EventQueue-0:382 ] - [ INFO ]  配置信息：ds.ui.schedule.title=任务计划
2017-07-13 14:42:35  [ AWT-EventQueue-0:383 ] - [ INFO ]  配置信息：ds.ui.backup.title=备份管理
2017-07-13 14:42:35  [ AWT-EventQueue-0:386 ] - [ INFO ]  配置信息：ds.ui.setting.title=设置
2017-07-13 14:42:35  [ AWT-EventQueue-0:425 ] - [ INFO ]  ==================AppInitEnd
2017-07-13 14:46:15  [ AWT-EventQueue-0:0 ] - [ INFO ]  配置信息：ds.ui.font.family=微软雅黑
2017-07-13 14:46:15  [ AWT-EventQueue-0:6 ] - [ INFO ]  配置信息：ds.ui.font.family=微软雅黑
2017-07-13 14:46:15  [ AWT-EventQueue-0:7 ] - [ INFO ]  配置信息：ds.ui.font.family=微软雅黑
2017-07-13 14:46:15  [ AWT-EventQueue-0:76 ] - [ INFO ]  ==================AppInitStart
2017-07-13 14:46:16  [ AWT-EventQueue-0:438 ] - [ INFO ]  配置信息：ds.ui.status.title=状态
2017-07-13 14:46:16  [ AWT-EventQueue-0:445 ] - [ INFO ]  配置信息：ds.ui.database.title=数据库设置
2017-07-13 14:46:16  [ AWT-EventQueue-0:447 ] - [ INFO ]  配置信息：ds.ui.schedule.title=任务计划
2017-07-13 14:46:16  [ AWT-EventQueue-0:449 ] - [ INFO ]  配置信息：ds.ui.backup.title=备份管理
2017-07-13 14:46:16  [ AWT-EventQueue-0:452 ] - [ INFO ]  配置信息：ds.ui.setting.title=设置
2017-07-13 14:46:16  [ AWT-EventQueue-0:493 ] - [ INFO ]  ==================AppInitEnd
2017-07-13 14:46:31  [ AWT-EventQueue-0:0 ] - [ INFO ]  配置信息：ds.ui.font.family=微软雅黑
2017-07-13 14:46:31  [ AWT-EventQueue-0:5 ] - [ INFO ]  配置信息：ds.ui.font.family=微软雅黑
2017-07-13 14:46:31  [ AWT-EventQueue-0:5 ] - [ INFO ]  配置信息：ds.ui.font.family=微软雅黑
2017-07-13 14:46:31  [ AWT-EventQueue-0:73 ] - [ INFO ]  ==================AppInitStart
2017-07-13 14:46:31  [ AWT-EventQueue-0:390 ] - [ INFO ]  配置信息：ds.ui.status.title=状态
2017-07-13 14:46:31  [ AWT-EventQueue-0:398 ] - [ INFO ]  配置信息：ds.ui.database.title=数据库设置
2017-07-13 14:46:31  [ AWT-EventQueue-0:401 ] - [ INFO ]  配置信息：ds.ui.schedule.title=任务计划
2017-07-13 14:46:31  [ AWT-EventQueue-0:403 ] - [ INFO ]  配置信息：ds.ui.backup.title=备份管理
2017-07-13 14:46:31  [ AWT-EventQueue-0:404 ] - [ INFO ]  配置信息：ds.ui.setting.title=设置
2017-07-13 14:46:31  [ AWT-EventQueue-0:472 ] - [ INFO ]  ==================AppInitEnd
2017-07-13 15:02:44  [ AWT-EventQueue-0:0 ] - [ INFO ]  配置信息：ds.ui.font.family=微软雅黑
2017-07-13 15:02:44  [ AWT-EventQueue-0:6 ] - [ INFO ]  配置信息：ds.ui.font.family=微软雅黑
2017-07-13 15:02:44  [ AWT-EventQueue-0:7 ] - [ INFO ]  配置信息：ds.ui.font.family=微软雅黑
2017-07-13 15:02:45  [ AWT-EventQueue-0:82 ] - [ INFO ]  ==================AppInitStart
2017-07-13 15:02:45  [ AWT-EventQueue-0:411 ] - [ INFO ]  配置信息：ds.ui.status.title=状态
2017-07-13 15:02:45  [ AWT-EventQueue-0:420 ] - [ INFO ]  配置信息：ds.ui.database.title=数据库设置
2017-07-13 15:02:45  [ AWT-EventQueue-0:423 ] - [ INFO ]  配置信息：ds.ui.schedule.title=任务计划
2017-07-13 15:02:45  [ AWT-EventQueue-0:425 ] - [ INFO ]  配置信息：ds.ui.backup.title=备份管理
2017-07-13 15:02:45  [ AWT-EventQueue-0:427 ] - [ INFO ]  配置信息：ds.ui.setting.title=设置
2017-07-13 15:02:45  [ AWT-EventQueue-0:469 ] - [ INFO ]  ==================AppInitEnd
2017-07-13 15:05:51  [ AWT-EventQueue-0:1 ] - [ INFO ]  配置信息：ds.ui.font.family=微软雅黑
2017-07-13 15:05:51  [ AWT-EventQueue-0:6 ] - [ INFO ]  配置信息：ds.ui.font.family=微软雅黑
2017-07-13 15:05:51  [ AWT-EventQueue-0:7 ] - [ INFO ]  配置信息：ds.ui.font.family=微软雅黑
2017-07-13 15:05:51  [ AWT-EventQueue-0:68 ] - [ INFO ]  ==================AppInitStart
2017-07-13 15:05:51  [ AWT-EventQueue-0:432 ] - [ INFO ]  配置信息：ds.ui.status.title=状态
2017-07-13 15:05:51  [ AWT-EventQueue-0:441 ] - [ INFO ]  配置信息：ds.ui.database.title=数据库设置
2017-07-13 15:05:51  [ AWT-EventQueue-0:443 ] - [ INFO ]  配置信息：ds.ui.schedule.title=任务计划
2017-07-13 15:05:51  [ AWT-EventQueue-0:445 ] - [ INFO ]  配置信息：ds.ui.backup.title=备份管理
2017-07-13 15:05:51  [ AWT-EventQueue-0:446 ] - [ INFO ]  配置信息：ds.ui.setting.title=设置
2017-07-13 15:05:51  [ AWT-EventQueue-0:487 ] - [ INFO ]  ==================AppInitEnd
2017-07-13 15:07:57  [ AWT-EventQueue-0:0 ] - [ INFO ]  配置信息：ds.ui.font.family=微软雅黑
2017-07-13 15:07:57  [ AWT-EventQueue-0:8 ] - [ INFO ]  配置信息：ds.ui.font.family=微软雅黑
2017-07-13 15:07:57  [ AWT-EventQueue-0:9 ] - [ INFO ]  配置信息：ds.ui.font.family=微软雅黑
2017-07-13 15:07:57  [ AWT-EventQueue-0:105 ] - [ INFO ]  ==================AppInitStart
2017-07-13 15:07:58  [ AWT-EventQueue-0:515 ] - [ INFO ]  配置信息：ds.ui.status.title=状态
2017-07-13 15:07:58  [ AWT-EventQueue-0:533 ] - [ INFO ]  配置信息：ds.ui.database.title=数据库设置
2017-07-13 15:07:58  [ AWT-EventQueue-0:541 ] - [ INFO ]  配置信息：ds.ui.schedule.title=任务计划
2017-07-13 15:07:58  [ AWT-EventQueue-0:543 ] - [ INFO ]  配置信息：ds.ui.backup.title=备份管理
2017-07-13 15:07:58  [ AWT-EventQueue-0:545 ] - [ INFO ]  配置信息：ds.ui.setting.title=设置
2017-07-13 15:07:58  [ AWT-EventQueue-0:606 ] - [ INFO ]  ==================AppInitEnd
2017-07-13 15:10:31  [ AWT-EventQueue-0:0 ] - [ INFO ]  配置信息：ds.ui.font.family=微软雅黑
2017-07-13 15:10:31  [ AWT-EventQueue-0:5 ] - [ INFO ]  配置信息：ds.ui.font.family=微软雅黑
2017-07-13 15:10:31  [ AWT-EventQueue-0:5 ] - [ INFO ]  配置信息：ds.ui.font.family=微软雅黑
2017-07-13 15:10:31  [ AWT-EventQueue-0:67 ] - [ INFO ]  ==================AppInitStart
2017-07-13 15:10:31  [ AWT-EventQueue-0:430 ] - [ INFO ]  配置信息：ds.ui.status.title=状态
2017-07-13 15:10:31  [ AWT-EventQueue-0:437 ] - [ INFO ]  配置信息：ds.ui.database.title=数据库设置
2017-07-13 15:10:31  [ AWT-EventQueue-0:440 ] - [ INFO ]  配置信息：ds.ui.schedule.title=任务计划
2017-07-13 15:10:31  [ AWT-EventQueue-0:441 ] - [ INFO ]  配置信息：ds.ui.backup.title=备份管理
2017-07-13 15:10:31  [ AWT-EventQueue-0:443 ] - [ INFO ]  配置信息：ds.ui.setting.title=设置
2017-07-13 15:10:31  [ AWT-EventQueue-0:477 ] - [ INFO ]  ==================AppInitEnd
2017-07-13 15:52:55  [ AWT-EventQueue-0:0 ] - [ INFO ]  配置信息：ds.ui.font.family=微软雅黑
2017-07-13 15:52:55  [ AWT-EventQueue-0:5 ] - [ INFO ]  配置信息：ds.ui.font.family=微软雅黑
2017-07-13 15:52:55  [ AWT-EventQueue-0:6 ] - [ INFO ]  配置信息：ds.ui.font.family=微软雅黑
2017-07-13 15:52:55  [ AWT-EventQueue-0:77 ] - [ INFO ]  ==================AppInitStart
2017-07-13 15:52:56  [ AWT-EventQueue-0:528 ] - [ INFO ]  配置信息：ds.ui.status.title=状态
2017-07-13 15:52:56  [ AWT-EventQueue-0:538 ] - [ INFO ]  配置信息：ds.ui.database.title=数据库设置
2017-07-13 15:52:56  [ AWT-EventQueue-0:540 ] - [ INFO ]  配置信息：ds.ui.schedule.title=任务计划
2017-07-13 15:52:56  [ AWT-EventQueue-0:542 ] - [ INFO ]  配置信息：ds.ui.backup.title=备份管理
2017-07-13 15:52:56  [ AWT-EventQueue-0:544 ] - [ INFO ]  配置信息：ds.ui.setting.title=设置
2017-07-13 15:52:56  [ AWT-EventQueue-0:587 ] - [ INFO ]  ==================AppInitEnd
2017-07-13 15:56:10  [ AWT-EventQueue-0:0 ] - [ INFO ]  配置信息：ds.ui.font.family=微软雅黑
2017-07-13 15:56:10  [ AWT-EventQueue-0:5 ] - [ INFO ]  配置信息：ds.ui.font.family=微软雅黑
2017-07-13 15:56:10  [ AWT-EventQueue-0:6 ] - [ INFO ]  配置信息：ds.ui.font.family=微软雅黑
2017-07-13 15:56:10  [ AWT-EventQueue-0:75 ] - [ INFO ]  ==================AppInitStart
2017-07-13 15:56:10  [ AWT-EventQueue-0:463 ] - [ INFO ]  配置信息：ds.ui.status.title=状态
2017-07-13 15:56:10  [ AWT-EventQueue-0:469 ] - [ INFO ]  配置信息：ds.ui.database.title=数据库设置
2017-07-13 15:56:10  [ AWT-EventQueue-0:471 ] - [ INFO ]  配置信息：ds.ui.schedule.title=任务计划
2017-07-13 15:56:10  [ AWT-EventQueue-0:473 ] - [ INFO ]  配置信息：ds.ui.backup.title=备份管理
2017-07-13 15:56:10  [ AWT-EventQueue-0:475 ] - [ INFO ]  配置信息：ds.ui.setting.title=设置
2017-07-13 15:56:10  [ AWT-EventQueue-0:513 ] - [ INFO ]  ==================AppInitEnd
